[35m[1mScanning dependencies of target _niryo_moveit_generate_messages_check_deps_EndEffectorPose[0m
[35m[1mScanning dependencies of target _niryo_moveit_generate_messages_check_deps_ExecuteTrajectoryActionFeedback[0m
[35m[1mScanning dependencies of target _niryo_moveit_generate_messages_check_deps_NiryoTrajectory[0m
[35m[1mScanning dependencies of target _niryo_moveit_generate_messages_check_deps_MoverService[0m
[35m[1mScanning dependencies of target _niryo_moveit_generate_messages_check_deps_ExecuteTrajectoryAction[0m
[35m[1mScanning dependencies of target _niryo_moveit_generate_messages_check_deps_TrajectoryWaypoint[0m
[35m[1mScanning dependencies of target _niryo_moveit_generate_messages_check_deps_ExecuteTrajectoryGoal[0m
[  0%] Built target _niryo_moveit_generate_messages_check_deps_ExecuteTrajectoryActionFeedback
[  0%] Built target _niryo_moveit_generate_messages_check_deps_TrajectoryWaypoint
[35m[1mScanning dependencies of target _niryo_moveit_generate_messages_check_deps_ExecuteTrajectoryActionResult[0m
[  0%] Built target _niryo_moveit_generate_messages_check_deps_EndEffectorPose
[  0%] Built target _niryo_moveit_generate_messages_check_deps_ExecuteTrajectoryGoal
[  0%] Built target _niryo_moveit_generate_messages_check_deps_MoverService
[35m[1mScanning dependencies of target _niryo_moveit_generate_messages_check_deps_ExecuteTrajectoryResult[0m
[  0%] Built target _niryo_moveit_generate_messages_check_deps_NiryoTrajectory
[  0%] Built target _niryo_moveit_generate_messages_check_deps_ExecuteTrajectoryAction
[35m[1mScanning dependencies of target _niryo_moveit_generate_messages_check_deps_NiryoRobotJoints[0m
[35m[1mScanning dependencies of target sensor_msgs_generate_messages_eus[0m
[35m[1mScanning dependencies of target geometry_msgs_generate_messages_eus[0m
[  0%] Built target _niryo_moveit_generate_messages_check_deps_ExecuteTrajectoryActionResult
[35m[1mScanning dependencies of target moveit_msgs_generate_messages_eus[0m
[  0%] Built target sensor_msgs_generate_messages_eus
[35m[1mScanning dependencies of target _niryo_moveit_generate_messages_check_deps_ExecuteTrajectoryActionGoal[0m
[  0%] Built target geometry_msgs_generate_messages_eus
[  0%] Built target moveit_msgs_generate_messages_eus
[35m[1mScanning dependencies of target actionlib_msgs_generate_messages_eus[0m
[  0%] Built target _niryo_moveit_generate_messages_check_deps_ExecuteTrajectoryResult
[35m[1mScanning dependencies of target _niryo_moveit_generate_messages_check_deps_NiryoMoveitJoints[0m
[35m[1mScanning dependencies of target std_msgs_generate_messages_eus[0m
[35m[1mScanning dependencies of target _niryo_moveit_generate_messages_check_deps_ExecuteTrajectoryFeedback[0m
[  0%] Built target actionlib_msgs_generate_messages_eus
[  0%] Built target _niryo_moveit_generate_messages_check_deps_NiryoRobotJoints
[35m[1mScanning dependencies of target trajectory_msgs_generate_messages_eus[0m
[35m[1mScanning dependencies of target trajectory_msgs_generate_messages_py[0m
[  0%] Built target std_msgs_generate_messages_eus
[  0%] Built target _niryo_moveit_generate_messages_check_deps_ExecuteTrajectoryActionGoal
[  0%] Built target trajectory_msgs_generate_messages_eus
[  0%] Built target _niryo_moveit_generate_messages_check_deps_ExecuteTrajectoryFeedback
[35m[1mScanning dependencies of target actionlib_msgs_generate_messages_py[0m
[  0%] Built target _niryo_moveit_generate_messages_check_deps_NiryoMoveitJoints
[35m[1mScanning dependencies of target moveit_msgs_generate_messages_py[0m
[35m[1mScanning dependencies of target geometry_msgs_generate_messages_py[0m
[35m[1mScanning dependencies of target sensor_msgs_generate_messages_py[0m
[  0%] Built target trajectory_msgs_generate_messages_py
[35m[1mScanning dependencies of target std_msgs_generate_messages_py[0m
[  0%] Built target actionlib_msgs_generate_messages_py
[  0%] Built target moveit_msgs_generate_messages_py
[  0%] Built target geometry_msgs_generate_messages_py
[35m[1mScanning dependencies of target sensor_msgs_generate_messages_nodejs[0m
[  0%] Built target sensor_msgs_generate_messages_py
[35m[1mScanning dependencies of target geometry_msgs_generate_messages_nodejs[0m
[  0%] Built target std_msgs_generate_messages_py
[35m[1mScanning dependencies of target std_msgs_generate_messages_nodejs[0m
[35m[1mScanning dependencies of target moveit_msgs_generate_messages_nodejs[0m
[35m[1mScanning dependencies of target trajectory_msgs_generate_messages_nodejs[0m
[  0%] Built target sensor_msgs_generate_messages_nodejs
[35m[1mScanning dependencies of target geometry_msgs_generate_messages_cpp[0m
[  0%] Built target std_msgs_generate_messages_nodejs
[35m[1mScanning dependencies of target actionlib_msgs_generate_messages_nodejs[0m
[  0%] Built target geometry_msgs_generate_messages_nodejs
[  0%] Built target moveit_msgs_generate_messages_nodejs
[  0%] Built target actionlib_msgs_generate_messages_nodejs
[35m[1mScanning dependencies of target actionlib_msgs_generate_messages_cpp[0m
[  0%] Built target trajectory_msgs_generate_messages_nodejs
[35m[1mScanning dependencies of target moveit_msgs_generate_messages_cpp[0m
[  0%] Built target geometry_msgs_generate_messages_cpp
[35m[1mScanning dependencies of target trajectory_msgs_generate_messages_cpp[0m
[35m[1mScanning dependencies of target std_msgs_generate_messages_cpp[0m
[  0%] Built target actionlib_msgs_generate_messages_cpp
[  0%] Built target moveit_msgs_generate_messages_cpp
[35m[1mScanning dependencies of target moveit_msgs_generate_messages_lisp[0m
[35m[1mScanning dependencies of target std_msgs_generate_messages_lisp[0m
[35m[1mScanning dependencies of target sensor_msgs_generate_messages_cpp[0m
[  0%] Built target std_msgs_generate_messages_cpp
[35m[1mScanning dependencies of target geometry_msgs_generate_messages_lisp[0m
[  0%] Built target moveit_msgs_generate_messages_lisp
[  0%] Built target trajectory_msgs_generate_messages_cpp
[  0%] Built target std_msgs_generate_messages_lisp
[35m[1mScanning dependencies of target sensor_msgs_generate_messages_lisp[0m
[  0%] Built target sensor_msgs_generate_messages_cpp
[35m[1mScanning dependencies of target trajectory_msgs_generate_messages_lisp[0m
[35m[1mScanning dependencies of target actionlib_msgs_generate_messages_lisp[0m
[  0%] Built target geometry_msgs_generate_messages_lisp
[35m[1mScanning dependencies of target niryo_moveit_generate_messages_eus[0m
[35m[1mScanning dependencies of target niryo_moveit_generate_messages_nodejs[0m
[35m[1mScanning dependencies of target niryo_moveit_generate_messages_py[0m
[  0%] Built target sensor_msgs_generate_messages_lisp
[  0%] Built target trajectory_msgs_generate_messages_lisp
[  1%] [34m[1mGenerating EusLisp code from niryo_moveit/ExecuteTrajectoryAction.msg[0m
[  2%] [34m[1mGenerating Python from MSG niryo_moveit/ExecuteTrajectoryAction[0m
[  4%] [34m[1mGenerating Python from MSG niryo_moveit/ExecuteTrajectoryActionGoal[0m
[35m[1mScanning dependencies of target niryo_moveit_generate_messages_cpp[0m
[  5%] [34m[1mGenerating Javascript code from niryo_moveit/ExecuteTrajectoryAction.msg[0m
[  5%] Built target actionlib_msgs_generate_messages_lisp
[  7%] [34m[1mGenerating C++ code from niryo_moveit/ExecuteTrajectoryAction.msg[0m
[  8%] [34m[1mGenerating EusLisp code from niryo_moveit/ExecuteTrajectoryActionGoal.msg[0m
[35m[1mScanning dependencies of target niryo_moveit_generate_messages_lisp[0m
[ 10%] [34m[1mGenerating Javascript code from niryo_moveit/ExecuteTrajectoryActionGoal.msg[0m
[ 11%] [34m[1mGenerating C++ code from niryo_moveit/ExecuteTrajectoryActionGoal.msg[0m
[ 13%] [34m[1mGenerating Lisp code from niryo_moveit/ExecuteTrajectoryAction.msg[0m
[ 14%] [34m[1mGenerating EusLisp code from niryo_moveit/ExecuteTrajectoryActionResult.msg[0m
[ 16%] [34m[1mGenerating Javascript code from niryo_moveit/ExecuteTrajectoryActionResult.msg[0m
[ 17%] [34m[1mGenerating Lisp code from niryo_moveit/ExecuteTrajectoryActionGoal.msg[0m
[ 19%] [34m[1mGenerating Javascript code from niryo_moveit/ExecuteTrajectoryGoal.msg[0m
[ 20%] [34m[1mGenerating Javascript code from niryo_moveit/ExecuteTrajectoryActionFeedback.msg[0m
[ 22%] [34m[1mGenerating Javascript code from niryo_moveit/ExecuteTrajectoryResult.msg[0m
[ 23%] [34m[1mGenerating Lisp code from niryo_moveit/ExecuteTrajectoryActionResult.msg[0m
[ 25%] [34m[1mGenerating Python from MSG niryo_moveit/ExecuteTrajectoryActionResult[0m
[ 26%] [34m[1mGenerating C++ code from niryo_moveit/ExecuteTrajectoryActionResult.msg[0m
[ 27%] [34m[1mGenerating EusLisp code from niryo_moveit/ExecuteTrajectoryActionFeedback.msg[0m
[ 29%] [34m[1mGenerating Javascript code from niryo_moveit/ExecuteTrajectoryFeedback.msg[0m
[ 30%] [34m[1mGenerating Python from MSG niryo_moveit/ExecuteTrajectoryActionFeedback[0m
[ 32%] [34m[1mGenerating Python from MSG niryo_moveit/ExecuteTrajectoryGoal[0m
[ 33%] [34m[1mGenerating Lisp code from niryo_moveit/ExecuteTrajectoryActionFeedback.msg[0m
[ 35%] [34m[1mGenerating Javascript code from niryo_moveit/EndEffectorPose.msg[0m
[ 36%] [34m[1mGenerating EusLisp code from niryo_moveit/ExecuteTrajectoryGoal.msg[0m
[ 38%] [34m[1mGenerating Lisp code from niryo_moveit/ExecuteTrajectoryGoal.msg[0m
[ 39%] [34m[1mGenerating C++ code from niryo_moveit/ExecuteTrajectoryActionFeedback.msg[0m
[ 41%] [34m[1mGenerating Python from MSG niryo_moveit/ExecuteTrajectoryResult[0m
[ 42%] [34m[1mGenerating Javascript code from niryo_moveit/NiryoMoveitJoints.msg[0m
[ 44%] [34m[1mGenerating EusLisp code from niryo_moveit/ExecuteTrajectoryResult.msg[0m
[ 45%] [34m[1mGenerating Javascript code from niryo_moveit/NiryoRobotJoints.msg[0m
[ 47%] [34m[1mGenerating Python from MSG niryo_moveit/ExecuteTrajectoryFeedback[0m
[ 48%] [34m[1mGenerating Lisp code from niryo_moveit/ExecuteTrajectoryResult.msg[0m
[ 50%] [34m[1mGenerating Javascript code from niryo_moveit/NiryoTrajectory.msg[0m
[ 51%] [34m[1mGenerating Javascript code from niryo_moveit/TrajectoryWaypoint.msg[0m
[ 52%] [34m[1mGenerating Lisp code from niryo_moveit/ExecuteTrajectoryFeedback.msg[0m
[ 54%] [34m[1mGenerating C++ code from niryo_moveit/ExecuteTrajectoryGoal.msg[0m
[ 55%] [34m[1mGenerating EusLisp code from niryo_moveit/ExecuteTrajectoryFeedback.msg[0m
[ 57%] [34m[1mGenerating Javascript code from niryo_moveit/MoverService.srv[0m
[ 58%] [34m[1mGenerating Lisp code from niryo_moveit/EndEffectorPose.msg[0m
[ 60%] [34m[1mGenerating Lisp code from niryo_moveit/NiryoMoveitJoints.msg[0m
[ 61%] [34m[1mGenerating C++ code from niryo_moveit/ExecuteTrajectoryResult.msg[0m
[ 61%] Built target niryo_moveit_generate_messages_nodejs
[ 63%] [34m[1mGenerating Lisp code from niryo_moveit/NiryoRobotJoints.msg[0m
[ 64%] [34m[1mGenerating EusLisp code from niryo_moveit/EndEffectorPose.msg[0m
[ 67%] [34m[1mGenerating Python from MSG niryo_moveit/EndEffectorPose[0m
[ 67%] [34m[1mGenerating Lisp code from niryo_moveit/NiryoTrajectory.msg[0m
[ 69%] [34m[1mGenerating Lisp code from niryo_moveit/TrajectoryWaypoint.msg[0m
[ 70%] [34m[1mGenerating Lisp code from niryo_moveit/MoverService.srv[0m
[ 72%] [34m[1mGenerating C++ code from niryo_moveit/ExecuteTrajectoryFeedback.msg[0m
[ 72%] Built target niryo_moveit_generate_messages_lisp
[ 73%] [34m[1mGenerating EusLisp code from niryo_moveit/NiryoRobotJoints.msg[0m
[ 75%] [34m[1mGenerating EusLisp code from niryo_moveit/NiryoMoveitJoints.msg[0m
[ 76%] [34m[1mGenerating C++ code from niryo_moveit/EndEffectorPose.msg[0m
[ 77%] [34m[1mGenerating EusLisp code from niryo_moveit/NiryoTrajectory.msg[0m
[ 79%] [34m[1mGenerating EusLisp code from niryo_moveit/TrajectoryWaypoint.msg[0m
[ 80%] [34m[1mGenerating Python from MSG niryo_moveit/NiryoMoveitJoints[0m
[ 82%] [34m[1mGenerating C++ code from niryo_moveit/NiryoMoveitJoints.msg[0m
[ 83%] [34m[1mGenerating EusLisp code from niryo_moveit/MoverService.srv[0m
[ 85%] [34m[1mGenerating EusLisp manifest code for niryo_moveit[0m
[ 86%] [34m[1mGenerating C++ code from niryo_moveit/NiryoRobotJoints.msg[0m
[ 88%] [34m[1mGenerating C++ code from niryo_moveit/NiryoTrajectory.msg[0m
[ 89%] [34m[1mGenerating Python from MSG niryo_moveit/NiryoRobotJoints[0m
[ 91%] [34m[1mGenerating C++ code from niryo_moveit/TrajectoryWaypoint.msg[0m
[ 92%] [34m[1mGenerating Python from MSG niryo_moveit/NiryoTrajectory[0m
[ 94%] [34m[1mGenerating Python from MSG niryo_moveit/TrajectoryWaypoint[0m
[ 95%] [34m[1mGenerating C++ code from niryo_moveit/MoverService.srv[0m
[ 97%] [34m[1mGenerating Python code from SRV niryo_moveit/MoverService[0m
[ 97%] Built target niryo_moveit_generate_messages_cpp
[ 98%] [34m[1mGenerating Python msg __init__.py for niryo_moveit[0m
[100%] [34m[1mGenerating Python srv __init__.py for niryo_moveit[0m
[100%] Built target niryo_moveit_generate_messages_eus
[100%] Built target niryo_moveit_generate_messages_py
[35m[1mScanning dependencies of target niryo_moveit_generate_messages[0m
[100%] Built target niryo_moveit_generate_messages
