Symlinking /home/nwjbrandon/nus/hack_n_roll/ros_ws/devel/include/niryo_moveit/NiryoTrajectory.h
Symlinking /home/nwjbrandon/nus/hack_n_roll/ros_ws/devel/include/niryo_moveit/ExecuteTrajectoryResult.h
Symlinking /home/nwjbrandon/nus/hack_n_roll/ros_ws/devel/include/niryo_moveit/ExecuteTrajectoryGoal.h
Symlinking /home/nwjbrandon/nus/hack_n_roll/ros_ws/devel/include/niryo_moveit/TrajectoryWaypoint.h
Symlinking /home/nwjbrandon/nus/hack_n_roll/ros_ws/devel/include/niryo_moveit/NiryoRobotJoints.h
Symlinking /home/nwjbrandon/nus/hack_n_roll/ros_ws/devel/include/niryo_moveit/NiryoMoveitJoints.h
Symlinking /home/nwjbrandon/nus/hack_n_roll/ros_ws/devel/include/niryo_moveit/ExecuteTrajectoryActionFeedback.h
Symlinking /home/nwjbrandon/nus/hack_n_roll/ros_ws/devel/include/niryo_moveit/ExecuteTrajectoryFeedback.h
Symlinking /home/nwjbrandon/nus/hack_n_roll/ros_ws/devel/include/niryo_moveit/MoverService.h
Symlinking /home/nwjbrandon/nus/hack_n_roll/ros_ws/devel/include/niryo_moveit/ExecuteTrajectoryActionResult.h
Symlinking /home/nwjbrandon/nus/hack_n_roll/ros_ws/devel/include/niryo_moveit/MoverServiceRequest.h
Symlinking /home/nwjbrandon/nus/hack_n_roll/ros_ws/devel/include/niryo_moveit/ExecuteTrajectoryAction.h
Symlinking /home/nwjbrandon/nus/hack_n_roll/ros_ws/devel/include/niryo_moveit/MoverServiceResponse.h
Symlinking /home/nwjbrandon/nus/hack_n_roll/ros_ws/devel/include/niryo_moveit/EndEffectorPose.h
Symlinking /home/nwjbrandon/nus/hack_n_roll/ros_ws/devel/include/niryo_moveit/ExecuteTrajectoryActionGoal.h
Symlinking /home/nwjbrandon/nus/hack_n_roll/ros_ws/devel/lib/python3/dist-packages/niryo_moveit/__init__.py
Symlinking /home/nwjbrandon/nus/hack_n_roll/ros_ws/devel/lib/python3/dist-packages/niryo_moveit/srv/__init__.py
Symlinking /home/nwjbrandon/nus/hack_n_roll/ros_ws/devel/lib/python3/dist-packages/niryo_moveit/srv/_MoverService.py
Symlinking /home/nwjbrandon/nus/hack_n_roll/ros_ws/devel/lib/python3/dist-packages/niryo_moveit/msg/_ExecuteTrajectoryResult.py
Symlinking /home/nwjbrandon/nus/hack_n_roll/ros_ws/devel/lib/python3/dist-packages/niryo_moveit/msg/__init__.py
Symlinking /home/nwjbrandon/nus/hack_n_roll/ros_ws/devel/lib/python3/dist-packages/niryo_moveit/msg/_ExecuteTrajectoryAction.py
Symlinking /home/nwjbrandon/nus/hack_n_roll/ros_ws/devel/lib/python3/dist-packages/niryo_moveit/msg/_ExecuteTrajectoryActionGoal.py
Symlinking /home/nwjbrandon/nus/hack_n_roll/ros_ws/devel/lib/python3/dist-packages/niryo_moveit/msg/_NiryoRobotJoints.py
Symlinking /home/nwjbrandon/nus/hack_n_roll/ros_ws/devel/lib/python3/dist-packages/niryo_moveit/msg/_NiryoMoveitJoints.py
Symlinking /home/nwjbrandon/nus/hack_n_roll/ros_ws/devel/lib/python3/dist-packages/niryo_moveit/msg/_ExecuteTrajectoryGoal.py
Symlinking /home/nwjbrandon/nus/hack_n_roll/ros_ws/devel/lib/python3/dist-packages/niryo_moveit/msg/_ExecuteTrajectoryActionResult.py
Symlinking /home/nwjbrandon/nus/hack_n_roll/ros_ws/devel/lib/python3/dist-packages/niryo_moveit/msg/_EndEffectorPose.py
Symlinking /home/nwjbrandon/nus/hack_n_roll/ros_ws/devel/lib/python3/dist-packages/niryo_moveit/msg/_NiryoTrajectory.py
Symlinking /home/nwjbrandon/nus/hack_n_roll/ros_ws/devel/lib/python3/dist-packages/niryo_moveit/msg/_TrajectoryWaypoint.py
Symlinking /home/nwjbrandon/nus/hack_n_roll/ros_ws/devel/lib/python3/dist-packages/niryo_moveit/msg/_ExecuteTrajectoryFeedback.py
Symlinking /home/nwjbrandon/nus/hack_n_roll/ros_ws/devel/lib/python3/dist-packages/niryo_moveit/msg/_ExecuteTrajectoryActionFeedback.py
Symlinking /home/nwjbrandon/nus/hack_n_roll/ros_ws/devel/lib/niryo_moveit/controller_gui.py
Symlinking /home/nwjbrandon/nus/hack_n_roll/ros_ws/devel/lib/niryo_moveit/trajectory_subscriber.py
Symlinking /home/nwjbrandon/nus/hack_n_roll/ros_ws/devel/lib/niryo_moveit/robot.py
Symlinking /home/nwjbrandon/nus/hack_n_roll/ros_ws/devel/lib/niryo_moveit/mover.py
Symlinking /home/nwjbrandon/nus/hack_n_roll/ros_ws/devel/lib/niryo_moveit/cmake.lock
Symlinking /home/nwjbrandon/nus/hack_n_roll/ros_ws/devel/lib/niryo_moveit/sim_real_pnp.py
Symlinking /home/nwjbrandon/nus/hack_n_roll/ros_ws/devel/lib/pkgconfig/niryo_moveit.pc
Symlinking /home/nwjbrandon/nus/hack_n_roll/ros_ws/devel/share/gennodejs/ros/niryo_moveit/_index.js
Symlinking /home/nwjbrandon/nus/hack_n_roll/ros_ws/devel/share/gennodejs/ros/niryo_moveit/srv/MoverService.js
Symlinking /home/nwjbrandon/nus/hack_n_roll/ros_ws/devel/share/gennodejs/ros/niryo_moveit/srv/_index.js
Symlinking /home/nwjbrandon/nus/hack_n_roll/ros_ws/devel/share/gennodejs/ros/niryo_moveit/msg/ExecuteTrajectoryFeedback.js
Symlinking /home/nwjbrandon/nus/hack_n_roll/ros_ws/devel/share/gennodejs/ros/niryo_moveit/msg/ExecuteTrajectoryResult.js
Symlinking /home/nwjbrandon/nus/hack_n_roll/ros_ws/devel/share/gennodejs/ros/niryo_moveit/msg/NiryoRobotJoints.js
Symlinking /home/nwjbrandon/nus/hack_n_roll/ros_ws/devel/share/gennodejs/ros/niryo_moveit/msg/ExecuteTrajectoryActionResult.js
Symlinking /home/nwjbrandon/nus/hack_n_roll/ros_ws/devel/share/gennodejs/ros/niryo_moveit/msg/TrajectoryWaypoint.js
Symlinking /home/nwjbrandon/nus/hack_n_roll/ros_ws/devel/share/gennodejs/ros/niryo_moveit/msg/ExecuteTrajectoryGoal.js
Symlinking /home/nwjbrandon/nus/hack_n_roll/ros_ws/devel/share/gennodejs/ros/niryo_moveit/msg/ExecuteTrajectoryAction.js
Symlinking /home/nwjbrandon/nus/hack_n_roll/ros_ws/devel/share/gennodejs/ros/niryo_moveit/msg/NiryoMoveitJoints.js
Symlinking /home/nwjbrandon/nus/hack_n_roll/ros_ws/devel/share/gennodejs/ros/niryo_moveit/msg/_index.js
Symlinking /home/nwjbrandon/nus/hack_n_roll/ros_ws/devel/share/gennodejs/ros/niryo_moveit/msg/NiryoTrajectory.js
Symlinking /home/nwjbrandon/nus/hack_n_roll/ros_ws/devel/share/gennodejs/ros/niryo_moveit/msg/EndEffectorPose.js
Symlinking /home/nwjbrandon/nus/hack_n_roll/ros_ws/devel/share/gennodejs/ros/niryo_moveit/msg/ExecuteTrajectoryActionFeedback.js
Symlinking /home/nwjbrandon/nus/hack_n_roll/ros_ws/devel/share/gennodejs/ros/niryo_moveit/msg/ExecuteTrajectoryActionGoal.js
Symlinking /home/nwjbrandon/nus/hack_n_roll/ros_ws/devel/share/roseus/ros/niryo_moveit/manifest.l
Symlinking /home/nwjbrandon/nus/hack_n_roll/ros_ws/devel/share/roseus/ros/niryo_moveit/srv/MoverService.l
Symlinking /home/nwjbrandon/nus/hack_n_roll/ros_ws/devel/share/roseus/ros/niryo_moveit/msg/ExecuteTrajectoryAction.l
Symlinking /home/nwjbrandon/nus/hack_n_roll/ros_ws/devel/share/roseus/ros/niryo_moveit/msg/ExecuteTrajectoryResult.l
Symlinking /home/nwjbrandon/nus/hack_n_roll/ros_ws/devel/share/roseus/ros/niryo_moveit/msg/ExecuteTrajectoryGoal.l
Symlinking /home/nwjbrandon/nus/hack_n_roll/ros_ws/devel/share/roseus/ros/niryo_moveit/msg/NiryoRobotJoints.l
Symlinking /home/nwjbrandon/nus/hack_n_roll/ros_ws/devel/share/roseus/ros/niryo_moveit/msg/TrajectoryWaypoint.l
Symlinking /home/nwjbrandon/nus/hack_n_roll/ros_ws/devel/share/roseus/ros/niryo_moveit/msg/NiryoMoveitJoints.l
Symlinking /home/nwjbrandon/nus/hack_n_roll/ros_ws/devel/share/roseus/ros/niryo_moveit/msg/ExecuteTrajectoryActionResult.l
Symlinking /home/nwjbrandon/nus/hack_n_roll/ros_ws/devel/share/roseus/ros/niryo_moveit/msg/ExecuteTrajectoryFeedback.l
Symlinking /home/nwjbrandon/nus/hack_n_roll/ros_ws/devel/share/roseus/ros/niryo_moveit/msg/ExecuteTrajectoryActionGoal.l
Symlinking /home/nwjbrandon/nus/hack_n_roll/ros_ws/devel/share/roseus/ros/niryo_moveit/msg/EndEffectorPose.l
Symlinking /home/nwjbrandon/nus/hack_n_roll/ros_ws/devel/share/roseus/ros/niryo_moveit/msg/ExecuteTrajectoryActionFeedback.l
Symlinking /home/nwjbrandon/nus/hack_n_roll/ros_ws/devel/share/roseus/ros/niryo_moveit/msg/NiryoTrajectory.l
Symlinking /home/nwjbrandon/nus/hack_n_roll/ros_ws/devel/share/niryo_moveit/msg/ExecuteTrajectoryFeedback.msg
Symlinking /home/nwjbrandon/nus/hack_n_roll/ros_ws/devel/share/niryo_moveit/msg/ExecuteTrajectoryResult.msg
Symlinking /home/nwjbrandon/nus/hack_n_roll/ros_ws/devel/share/niryo_moveit/msg/ExecuteTrajectoryActionFeedback.msg
Symlinking /home/nwjbrandon/nus/hack_n_roll/ros_ws/devel/share/niryo_moveit/msg/ExecuteTrajectoryGoal.msg
Symlinking /home/nwjbrandon/nus/hack_n_roll/ros_ws/devel/share/niryo_moveit/msg/ExecuteTrajectoryAction.msg
Symlinking /home/nwjbrandon/nus/hack_n_roll/ros_ws/devel/share/niryo_moveit/msg/ExecuteTrajectoryActionResult.msg
Symlinking /home/nwjbrandon/nus/hack_n_roll/ros_ws/devel/share/niryo_moveit/msg/ExecuteTrajectoryActionGoal.msg
Symlinking /home/nwjbrandon/nus/hack_n_roll/ros_ws/devel/share/niryo_moveit/cmake/niryo_moveit-msg-paths.cmake
Symlinking /home/nwjbrandon/nus/hack_n_roll/ros_ws/devel/share/niryo_moveit/cmake/niryo_moveit-msg-extras.cmake
Symlinking /home/nwjbrandon/nus/hack_n_roll/ros_ws/devel/share/niryo_moveit/cmake/niryo_moveitConfig-version.cmake
Symlinking /home/nwjbrandon/nus/hack_n_roll/ros_ws/devel/share/niryo_moveit/cmake/niryo_moveitConfig.cmake
Symlinking /home/nwjbrandon/nus/hack_n_roll/ros_ws/devel/share/common-lisp/ros/niryo_moveit/srv/_package_MoverService.lisp
Symlinking /home/nwjbrandon/nus/hack_n_roll/ros_ws/devel/share/common-lisp/ros/niryo_moveit/srv/niryo_moveit-srv.asd
Symlinking /home/nwjbrandon/nus/hack_n_roll/ros_ws/devel/share/common-lisp/ros/niryo_moveit/srv/MoverService.lisp
Symlinking /home/nwjbrandon/nus/hack_n_roll/ros_ws/devel/share/common-lisp/ros/niryo_moveit/srv/_package.lisp
Symlinking /home/nwjbrandon/nus/hack_n_roll/ros_ws/devel/share/common-lisp/ros/niryo_moveit/msg/NiryoTrajectory.lisp
Symlinking /home/nwjbrandon/nus/hack_n_roll/ros_ws/devel/share/common-lisp/ros/niryo_moveit/msg/ExecuteTrajectoryActionGoal.lisp
Symlinking /home/nwjbrandon/nus/hack_n_roll/ros_ws/devel/share/common-lisp/ros/niryo_moveit/msg/NiryoRobotJoints.lisp
Symlinking /home/nwjbrandon/nus/hack_n_roll/ros_ws/devel/share/common-lisp/ros/niryo_moveit/msg/_package_ExecuteTrajectoryAction.lisp
Symlinking /home/nwjbrandon/nus/hack_n_roll/ros_ws/devel/share/common-lisp/ros/niryo_moveit/msg/_package_ExecuteTrajectoryGoal.lisp
Symlinking /home/nwjbrandon/nus/hack_n_roll/ros_ws/devel/share/common-lisp/ros/niryo_moveit/msg/_package_ExecuteTrajectoryFeedback.lisp
Symlinking /home/nwjbrandon/nus/hack_n_roll/ros_ws/devel/share/common-lisp/ros/niryo_moveit/msg/EndEffectorPose.lisp
Symlinking /home/nwjbrandon/nus/hack_n_roll/ros_ws/devel/share/common-lisp/ros/niryo_moveit/msg/_package_EndEffectorPose.lisp
Symlinking /home/nwjbrandon/nus/hack_n_roll/ros_ws/devel/share/common-lisp/ros/niryo_moveit/msg/_package_NiryoRobotJoints.lisp
Symlinking /home/nwjbrandon/nus/hack_n_roll/ros_ws/devel/share/common-lisp/ros/niryo_moveit/msg/_package_TrajectoryWaypoint.lisp
Symlinking /home/nwjbrandon/nus/hack_n_roll/ros_ws/devel/share/common-lisp/ros/niryo_moveit/msg/niryo_moveit-msg.asd
Symlinking /home/nwjbrandon/nus/hack_n_roll/ros_ws/devel/share/common-lisp/ros/niryo_moveit/msg/_package_ExecuteTrajectoryActionResult.lisp
Symlinking /home/nwjbrandon/nus/hack_n_roll/ros_ws/devel/share/common-lisp/ros/niryo_moveit/msg/ExecuteTrajectoryFeedback.lisp
Symlinking /home/nwjbrandon/nus/hack_n_roll/ros_ws/devel/share/common-lisp/ros/niryo_moveit/msg/NiryoMoveitJoints.lisp
Symlinking /home/nwjbrandon/nus/hack_n_roll/ros_ws/devel/share/common-lisp/ros/niryo_moveit/msg/ExecuteTrajectoryGoal.lisp
Symlinking /home/nwjbrandon/nus/hack_n_roll/ros_ws/devel/share/common-lisp/ros/niryo_moveit/msg/_package.lisp
Symlinking /home/nwjbrandon/nus/hack_n_roll/ros_ws/devel/share/common-lisp/ros/niryo_moveit/msg/ExecuteTrajectoryAction.lisp
Symlinking /home/nwjbrandon/nus/hack_n_roll/ros_ws/devel/share/common-lisp/ros/niryo_moveit/msg/_package_NiryoTrajectory.lisp
Symlinking /home/nwjbrandon/nus/hack_n_roll/ros_ws/devel/share/common-lisp/ros/niryo_moveit/msg/_package_ExecuteTrajectoryActionFeedback.lisp
Symlinking /home/nwjbrandon/nus/hack_n_roll/ros_ws/devel/share/common-lisp/ros/niryo_moveit/msg/TrajectoryWaypoint.lisp
Symlinking /home/nwjbrandon/nus/hack_n_roll/ros_ws/devel/share/common-lisp/ros/niryo_moveit/msg/ExecuteTrajectoryResult.lisp
Symlinking /home/nwjbrandon/nus/hack_n_roll/ros_ws/devel/share/common-lisp/ros/niryo_moveit/msg/_package_ExecuteTrajectoryResult.lisp
Symlinking /home/nwjbrandon/nus/hack_n_roll/ros_ws/devel/share/common-lisp/ros/niryo_moveit/msg/ExecuteTrajectoryActionResult.lisp
Symlinking /home/nwjbrandon/nus/hack_n_roll/ros_ws/devel/share/common-lisp/ros/niryo_moveit/msg/ExecuteTrajectoryActionFeedback.lisp
Symlinking /home/nwjbrandon/nus/hack_n_roll/ros_ws/devel/share/common-lisp/ros/niryo_moveit/msg/_package_ExecuteTrajectoryActionGoal.lisp
Symlinking /home/nwjbrandon/nus/hack_n_roll/ros_ws/devel/share/common-lisp/ros/niryo_moveit/msg/_package_NiryoMoveitJoints.lisp
