Symlinking /home/nwjbrandon/nus/hack_n_roll/ros_ws/devel/include/niryo_one_msgs/ControlConveyorResponse.h
Symlinking /home/nwjbrandon/nus/hack_n_roll/ros_ws/devel/include/niryo_one_msgs/SetStringResponse.h
Symlinking /home/nwjbrandon/nus/hack_n_roll/ros_ws/devel/include/niryo_one_msgs/SetString.h
Symlinking /home/nwjbrandon/nus/hack_n_roll/ros_ws/devel/include/niryo_one_msgs/CloseGripperRequest.h
Symlinking /home/nwjbrandon/nus/hack_n_roll/ros_ws/devel/include/niryo_one_msgs/GetWorkspaceRatioRequest.h
Symlinking /home/nwjbrandon/nus/hack_n_roll/ros_ws/devel/include/niryo_one_msgs/TakePictureRequest.h
Symlinking /home/nwjbrandon/nus/hack_n_roll/ros_ws/devel/include/niryo_one_msgs/ControlConveyor.h
Symlinking /home/nwjbrandon/nus/hack_n_roll/ros_ws/devel/include/niryo_one_msgs/PingDxlToolResponse.h
Symlinking /home/nwjbrandon/nus/hack_n_roll/ros_ws/devel/include/niryo_one_msgs/ToolActionGoal.h
Symlinking /home/nwjbrandon/nus/hack_n_roll/ros_ws/devel/include/niryo_one_msgs/EditGripResponse.h
Symlinking /home/nwjbrandon/nus/hack_n_roll/ros_ws/devel/include/niryo_one_msgs/ChangeMotorConfig.h
Symlinking /home/nwjbrandon/nus/hack_n_roll/ros_ws/devel/include/niryo_one_msgs/GetWorkspaceRobotPosesRequest.h
Symlinking /home/nwjbrandon/nus/hack_n_roll/ros_ws/devel/include/niryo_one_msgs/SoftwareVersion.h
Symlinking /home/nwjbrandon/nus/hack_n_roll/ros_ws/devel/include/niryo_one_msgs/RobotMoveActionFeedback.h
Symlinking /home/nwjbrandon/nus/hack_n_roll/ros_ws/devel/include/niryo_one_msgs/OpenGripperRequest.h
Symlinking /home/nwjbrandon/nus/hack_n_roll/ros_ws/devel/include/niryo_one_msgs/SetIntResponse.h
Symlinking /home/nwjbrandon/nus/hack_n_roll/ros_ws/devel/include/niryo_one_msgs/PullAirVacuumPump.h
Symlinking /home/nwjbrandon/nus/hack_n_roll/ros_ws/devel/include/niryo_one_msgs/SetDigitalIOResponse.h
Symlinking /home/nwjbrandon/nus/hack_n_roll/ros_ws/devel/include/niryo_one_msgs/SetConveyorRequest.h
Symlinking /home/nwjbrandon/nus/hack_n_roll/ros_ws/devel/include/niryo_one_msgs/SetLedsRequest.h
Symlinking /home/nwjbrandon/nus/hack_n_roll/ros_ws/devel/include/niryo_one_msgs/RobotMoveCommand.h
Symlinking /home/nwjbrandon/nus/hack_n_roll/ros_ws/devel/include/niryo_one_msgs/ObjDetectionRequest.h
Symlinking /home/nwjbrandon/nus/hack_n_roll/ros_ws/devel/include/niryo_one_msgs/SetSequenceAutorunRequest.h
Symlinking /home/nwjbrandon/nus/hack_n_roll/ros_ws/devel/include/niryo_one_msgs/OpenGripper.h
Symlinking /home/nwjbrandon/nus/hack_n_roll/ros_ws/devel/include/niryo_one_msgs/Sequence.h
Symlinking /home/nwjbrandon/nus/hack_n_roll/ros_ws/devel/include/niryo_one_msgs/MatlabMoveResult.h
Symlinking /home/nwjbrandon/nus/hack_n_roll/ros_ws/devel/include/niryo_one_msgs/ManageProcessRequest.h
Symlinking /home/nwjbrandon/nus/hack_n_roll/ros_ws/devel/include/niryo_one_msgs/HardwareStatus.h
Symlinking /home/nwjbrandon/nus/hack_n_roll/ros_ws/devel/include/niryo_one_msgs/ManageProcessResponse.h
Symlinking /home/nwjbrandon/nus/hack_n_roll/ros_ws/devel/include/niryo_one_msgs/UpdateConveyorId.h
Symlinking /home/nwjbrandon/nus/hack_n_roll/ros_ws/devel/include/niryo_one_msgs/SetDigitalIORequest.h
Symlinking /home/nwjbrandon/nus/hack_n_roll/ros_ws/devel/include/niryo_one_msgs/JoystickJointsFeedback.h
Symlinking /home/nwjbrandon/nus/hack_n_roll/ros_ws/devel/include/niryo_one_msgs/ManagePositionRequest.h
Symlinking /home/nwjbrandon/nus/hack_n_roll/ros_ws/devel/include/niryo_one_msgs/GetWorkspaceListRequest.h
Symlinking /home/nwjbrandon/nus/hack_n_roll/ros_ws/devel/include/niryo_one_msgs/EditWorkspaceRequest.h
Symlinking /home/nwjbrandon/nus/hack_n_roll/ros_ws/devel/include/niryo_one_msgs/ManageTrajectory.h
Symlinking /home/nwjbrandon/nus/hack_n_roll/ros_ws/devel/include/niryo_one_msgs/SetSequenceAutorunResponse.h
Symlinking /home/nwjbrandon/nus/hack_n_roll/ros_ws/devel/include/niryo_one_msgs/SetConveyorResponse.h
Symlinking /home/nwjbrandon/nus/hack_n_roll/ros_ws/devel/include/niryo_one_msgs/RobotMoveAction.h
Symlinking /home/nwjbrandon/nus/hack_n_roll/ros_ws/devel/include/niryo_one_msgs/RobotMoveActionResult.h
Symlinking /home/nwjbrandon/nus/hack_n_roll/ros_ws/devel/include/niryo_one_msgs/GetSequenceListResponse.h
Symlinking /home/nwjbrandon/nus/hack_n_roll/ros_ws/devel/include/niryo_one_msgs/GetDigitalIORequest.h
Symlinking /home/nwjbrandon/nus/hack_n_roll/ros_ws/devel/include/niryo_one_msgs/TrajectoryPlan.h
Symlinking /home/nwjbrandon/nus/hack_n_roll/ros_ws/devel/include/niryo_one_msgs/SequenceAutorunStatus.h
Symlinking /home/nwjbrandon/nus/hack_n_roll/ros_ws/devel/include/niryo_one_msgs/ProcessState.h
Symlinking /home/nwjbrandon/nus/hack_n_roll/ros_ws/devel/include/niryo_one_msgs/SendCustomDxlValue.h
Symlinking /home/nwjbrandon/nus/hack_n_roll/ros_ws/devel/include/niryo_one_msgs/ControlConveyorRequest.h
Symlinking /home/nwjbrandon/nus/hack_n_roll/ros_ws/devel/include/niryo_one_msgs/Position.h
Symlinking /home/nwjbrandon/nus/hack_n_roll/ros_ws/devel/include/niryo_one_msgs/JoystickJointsActionFeedback.h
Symlinking /home/nwjbrandon/nus/hack_n_roll/ros_ws/devel/include/niryo_one_msgs/GetWorkspaceRobotPosesResponse.h
Symlinking /home/nwjbrandon/nus/hack_n_roll/ros_ws/devel/include/niryo_one_msgs/GetPositionListRequest.h
Symlinking /home/nwjbrandon/nus/hack_n_roll/ros_ws/devel/include/niryo_one_msgs/GetTargetPose.h
Symlinking /home/nwjbrandon/nus/hack_n_roll/ros_ws/devel/include/niryo_one_msgs/SetCalibrationCamResponse.h
Symlinking /home/nwjbrandon/nus/hack_n_roll/ros_ws/devel/include/niryo_one_msgs/DigitalIOState.h
Symlinking /home/nwjbrandon/nus/hack_n_roll/ros_ws/devel/include/niryo_one_msgs/ManageSequenceRequest.h
Symlinking /home/nwjbrandon/nus/hack_n_roll/ros_ws/devel/include/niryo_one_msgs/SendCustomDxlValueResponse.h
Symlinking /home/nwjbrandon/nus/hack_n_roll/ros_ws/devel/include/niryo_one_msgs/RobotMove.h
Symlinking /home/nwjbrandon/nus/hack_n_roll/ros_ws/devel/include/niryo_one_msgs/ShiftPose.h
Symlinking /home/nwjbrandon/nus/hack_n_roll/ros_ws/devel/include/niryo_one_msgs/SetLedsResponse.h
Symlinking /home/nwjbrandon/nus/hack_n_roll/ros_ws/devel/include/niryo_one_msgs/SequenceFeedback.h
Symlinking /home/nwjbrandon/nus/hack_n_roll/ros_ws/devel/include/niryo_one_msgs/ManagePositionResponse.h
Symlinking /home/nwjbrandon/nus/hack_n_roll/ros_ws/devel/include/niryo_one_msgs/EditGrip.h
Symlinking /home/nwjbrandon/nus/hack_n_roll/ros_ws/devel/include/niryo_one_msgs/GetWorkspaceRobotPoses.h
Symlinking /home/nwjbrandon/nus/hack_n_roll/ros_ws/devel/include/niryo_one_msgs/RobotMoveFeedback.h
Symlinking /home/nwjbrandon/nus/hack_n_roll/ros_ws/devel/include/niryo_one_msgs/RobotState.h
Symlinking /home/nwjbrandon/nus/hack_n_roll/ros_ws/devel/include/niryo_one_msgs/SetConveyor.h
Symlinking /home/nwjbrandon/nus/hack_n_roll/ros_ws/devel/include/niryo_one_msgs/SequenceResult.h
Symlinking /home/nwjbrandon/nus/hack_n_roll/ros_ws/devel/include/niryo_one_msgs/ToolFeedback.h
Symlinking /home/nwjbrandon/nus/hack_n_roll/ros_ws/devel/include/niryo_one_msgs/GetInt.h
Symlinking /home/nwjbrandon/nus/hack_n_roll/ros_ws/devel/include/niryo_one_msgs/SetLeds.h
Symlinking /home/nwjbrandon/nus/hack_n_roll/ros_ws/devel/include/niryo_one_msgs/ManageProcess.h
Symlinking /home/nwjbrandon/nus/hack_n_roll/ros_ws/devel/include/niryo_one_msgs/ToolGoal.h
Symlinking /home/nwjbrandon/nus/hack_n_roll/ros_ws/devel/include/niryo_one_msgs/SetIntRequest.h
Symlinking /home/nwjbrandon/nus/hack_n_roll/ros_ws/devel/include/niryo_one_msgs/SequenceGoal.h
Symlinking /home/nwjbrandon/nus/hack_n_roll/ros_ws/devel/include/niryo_one_msgs/ManagePosition.h
Symlinking /home/nwjbrandon/nus/hack_n_roll/ros_ws/devel/include/niryo_one_msgs/GetCalibrationCamRequest.h
Symlinking /home/nwjbrandon/nus/hack_n_roll/ros_ws/devel/include/niryo_one_msgs/ToolActionFeedback.h
Symlinking /home/nwjbrandon/nus/hack_n_roll/ros_ws/devel/include/niryo_one_msgs/ObjDetectionResponse.h
Symlinking /home/nwjbrandon/nus/hack_n_roll/ros_ws/devel/include/niryo_one_msgs/JoystickJointsAction.h
Symlinking /home/nwjbrandon/nus/hack_n_roll/ros_ws/devel/include/niryo_one_msgs/SequenceAction.h
Symlinking /home/nwjbrandon/nus/hack_n_roll/ros_ws/devel/include/niryo_one_msgs/JoystickJointsActionResult.h
Symlinking /home/nwjbrandon/nus/hack_n_roll/ros_ws/devel/include/niryo_one_msgs/UpdateConveyorIdRequest.h
Symlinking /home/nwjbrandon/nus/hack_n_roll/ros_ws/devel/include/niryo_one_msgs/SendCustomDxlValueRequest.h
Symlinking /home/nwjbrandon/nus/hack_n_roll/ros_ws/devel/include/niryo_one_msgs/GetWorkspaceList.h
Symlinking /home/nwjbrandon/nus/hack_n_roll/ros_ws/devel/include/niryo_one_msgs/PingDxlToolRequest.h
Symlinking /home/nwjbrandon/nus/hack_n_roll/ros_ws/devel/include/niryo_one_msgs/GetTrajectoryListRequest.h
Symlinking /home/nwjbrandon/nus/hack_n_roll/ros_ws/devel/include/niryo_one_msgs/ChangeMotorConfigRequest.h
Symlinking /home/nwjbrandon/nus/hack_n_roll/ros_ws/devel/include/niryo_one_msgs/UpdateConveyorIdResponse.h
Symlinking /home/nwjbrandon/nus/hack_n_roll/ros_ws/devel/include/niryo_one_msgs/GetTrajectoryList.h
Symlinking /home/nwjbrandon/nus/hack_n_roll/ros_ws/devel/include/niryo_one_msgs/ToolAction.h
Symlinking /home/nwjbrandon/nus/hack_n_roll/ros_ws/devel/include/niryo_one_msgs/SetCalibrationCam.h
Symlinking /home/nwjbrandon/nus/hack_n_roll/ros_ws/devel/include/niryo_one_msgs/EditWorkspace.h
Symlinking /home/nwjbrandon/nus/hack_n_roll/ros_ws/devel/include/niryo_one_msgs/TakePictureResponse.h
Symlinking /home/nwjbrandon/nus/hack_n_roll/ros_ws/devel/include/niryo_one_msgs/PushAirVacuumPumpResponse.h
Symlinking /home/nwjbrandon/nus/hack_n_roll/ros_ws/devel/include/niryo_one_msgs/JoystickJointsGoal.h
Symlinking /home/nwjbrandon/nus/hack_n_roll/ros_ws/devel/include/niryo_one_msgs/RPY.h
Symlinking /home/nwjbrandon/nus/hack_n_roll/ros_ws/devel/include/niryo_one_msgs/EditWorkspaceResponse.h
Symlinking /home/nwjbrandon/nus/hack_n_roll/ros_ws/devel/include/niryo_one_msgs/JoystickJointsResult.h
Symlinking /home/nwjbrandon/nus/hack_n_roll/ros_ws/devel/include/niryo_one_msgs/SetStringRequest.h
Symlinking /home/nwjbrandon/nus/hack_n_roll/ros_ws/devel/include/niryo_one_msgs/SequenceActionResult.h
Symlinking /home/nwjbrandon/nus/hack_n_roll/ros_ws/devel/include/niryo_one_msgs/RobotMoveGoal.h
Symlinking /home/nwjbrandon/nus/hack_n_roll/ros_ws/devel/include/niryo_one_msgs/GetWorkspaceRatioResponse.h
Symlinking /home/nwjbrandon/nus/hack_n_roll/ros_ws/devel/include/niryo_one_msgs/SequenceActionGoal.h
Symlinking /home/nwjbrandon/nus/hack_n_roll/ros_ws/devel/include/niryo_one_msgs/PullAirVacuumPumpRequest.h
Symlinking /home/nwjbrandon/nus/hack_n_roll/ros_ws/devel/include/niryo_one_msgs/GetIntResponse.h
Symlinking /home/nwjbrandon/nus/hack_n_roll/ros_ws/devel/include/niryo_one_msgs/ManageTrajectoryResponse.h
Symlinking /home/nwjbrandon/nus/hack_n_roll/ros_ws/devel/include/niryo_one_msgs/RobotMoveResult.h
Symlinking /home/nwjbrandon/nus/hack_n_roll/ros_ws/devel/include/niryo_one_msgs/ToolActionResult.h
Symlinking /home/nwjbrandon/nus/hack_n_roll/ros_ws/devel/include/niryo_one_msgs/PushAirVacuumPumpRequest.h
Symlinking /home/nwjbrandon/nus/hack_n_roll/ros_ws/devel/include/niryo_one_msgs/ConveyorFeedback.h
Symlinking /home/nwjbrandon/nus/hack_n_roll/ros_ws/devel/include/niryo_one_msgs/DebugMarkers.h
Symlinking /home/nwjbrandon/nus/hack_n_roll/ros_ws/devel/include/niryo_one_msgs/GetWorkspaceRatio.h
Symlinking /home/nwjbrandon/nus/hack_n_roll/ros_ws/devel/include/niryo_one_msgs/CloseGripper.h
Symlinking /home/nwjbrandon/nus/hack_n_roll/ros_ws/devel/include/niryo_one_msgs/GetTargetPoseResponse.h
Symlinking /home/nwjbrandon/nus/hack_n_roll/ros_ws/devel/include/niryo_one_msgs/RobotMoveActionGoal.h
Symlinking /home/nwjbrandon/nus/hack_n_roll/ros_ws/devel/include/niryo_one_msgs/SequenceActionFeedback.h
Symlinking /home/nwjbrandon/nus/hack_n_roll/ros_ws/devel/include/niryo_one_msgs/ObjDetection.h
Symlinking /home/nwjbrandon/nus/hack_n_roll/ros_ws/devel/include/niryo_one_msgs/GetSequenceList.h
Symlinking /home/nwjbrandon/nus/hack_n_roll/ros_ws/devel/include/niryo_one_msgs/RobotMoveRequest.h
Symlinking /home/nwjbrandon/nus/hack_n_roll/ros_ws/devel/include/niryo_one_msgs/RobotMoveResponse.h
Symlinking /home/nwjbrandon/nus/hack_n_roll/ros_ws/devel/include/niryo_one_msgs/GetPositionListResponse.h
Symlinking /home/nwjbrandon/nus/hack_n_roll/ros_ws/devel/include/niryo_one_msgs/CloseGripperResponse.h
Symlinking /home/nwjbrandon/nus/hack_n_roll/ros_ws/devel/include/niryo_one_msgs/ChangeHardwareVersionResponse.h
Symlinking /home/nwjbrandon/nus/hack_n_roll/ros_ws/devel/include/niryo_one_msgs/GetDigitalIO.h
Symlinking /home/nwjbrandon/nus/hack_n_roll/ros_ws/devel/include/niryo_one_msgs/DebugMarkersResponse.h
Symlinking /home/nwjbrandon/nus/hack_n_roll/ros_ws/devel/include/niryo_one_msgs/ToolResult.h
Symlinking /home/nwjbrandon/nus/hack_n_roll/ros_ws/devel/include/niryo_one_msgs/ChangeHardwareVersion.h
Symlinking /home/nwjbrandon/nus/hack_n_roll/ros_ws/devel/include/niryo_one_msgs/PushAirVacuumPump.h
Symlinking /home/nwjbrandon/nus/hack_n_roll/ros_ws/devel/include/niryo_one_msgs/DebugColorDetectionRequest.h
Symlinking /home/nwjbrandon/nus/hack_n_roll/ros_ws/devel/include/niryo_one_msgs/SetCalibrationCamRequest.h
Symlinking /home/nwjbrandon/nus/hack_n_roll/ros_ws/devel/include/niryo_one_msgs/GetSequenceListRequest.h
Symlinking /home/nwjbrandon/nus/hack_n_roll/ros_ws/devel/include/niryo_one_msgs/ToolCommand.h
Symlinking /home/nwjbrandon/nus/hack_n_roll/ros_ws/devel/include/niryo_one_msgs/SetDigitalIO.h
Symlinking /home/nwjbrandon/nus/hack_n_roll/ros_ws/devel/include/niryo_one_msgs/DebugColorDetectionResponse.h
Symlinking /home/nwjbrandon/nus/hack_n_roll/ros_ws/devel/include/niryo_one_msgs/OpenGripperResponse.h
Symlinking /home/nwjbrandon/nus/hack_n_roll/ros_ws/devel/include/niryo_one_msgs/PingDxlTool.h
Symlinking /home/nwjbrandon/nus/hack_n_roll/ros_ws/devel/include/niryo_one_msgs/SetInt.h
Symlinking /home/nwjbrandon/nus/hack_n_roll/ros_ws/devel/include/niryo_one_msgs/ObjectPose.h
Symlinking /home/nwjbrandon/nus/hack_n_roll/ros_ws/devel/include/niryo_one_msgs/DebugColorDetection.h
Symlinking /home/nwjbrandon/nus/hack_n_roll/ros_ws/devel/include/niryo_one_msgs/GetPositionList.h
Symlinking /home/nwjbrandon/nus/hack_n_roll/ros_ws/devel/include/niryo_one_msgs/GetCalibrationCam.h
Symlinking /home/nwjbrandon/nus/hack_n_roll/ros_ws/devel/include/niryo_one_msgs/GetTargetPoseRequest.h
Symlinking /home/nwjbrandon/nus/hack_n_roll/ros_ws/devel/include/niryo_one_msgs/PullAirVacuumPumpResponse.h
Symlinking /home/nwjbrandon/nus/hack_n_roll/ros_ws/devel/include/niryo_one_msgs/EditGripRequest.h
Symlinking /home/nwjbrandon/nus/hack_n_roll/ros_ws/devel/include/niryo_one_msgs/DebugMarkersRequest.h
Symlinking /home/nwjbrandon/nus/hack_n_roll/ros_ws/devel/include/niryo_one_msgs/ChangeHardwareVersionRequest.h
Symlinking /home/nwjbrandon/nus/hack_n_roll/ros_ws/devel/include/niryo_one_msgs/GetWorkspaceListResponse.h
Symlinking /home/nwjbrandon/nus/hack_n_roll/ros_ws/devel/include/niryo_one_msgs/LogStatus.h
Symlinking /home/nwjbrandon/nus/hack_n_roll/ros_ws/devel/include/niryo_one_msgs/ManageTrajectoryRequest.h
Symlinking /home/nwjbrandon/nus/hack_n_roll/ros_ws/devel/include/niryo_one_msgs/GetDigitalIOResponse.h
Symlinking /home/nwjbrandon/nus/hack_n_roll/ros_ws/devel/include/niryo_one_msgs/Trajectory.h
Symlinking /home/nwjbrandon/nus/hack_n_roll/ros_ws/devel/include/niryo_one_msgs/ManageSequenceResponse.h
Symlinking /home/nwjbrandon/nus/hack_n_roll/ros_ws/devel/include/niryo_one_msgs/GetTrajectoryListResponse.h
Symlinking /home/nwjbrandon/nus/hack_n_roll/ros_ws/devel/include/niryo_one_msgs/SetSequenceAutorun.h
Symlinking /home/nwjbrandon/nus/hack_n_roll/ros_ws/devel/include/niryo_one_msgs/TakePicture.h
Symlinking /home/nwjbrandon/nus/hack_n_roll/ros_ws/devel/include/niryo_one_msgs/JoystickJointsActionGoal.h
Symlinking /home/nwjbrandon/nus/hack_n_roll/ros_ws/devel/include/niryo_one_msgs/GetIntRequest.h
Symlinking /home/nwjbrandon/nus/hack_n_roll/ros_ws/devel/include/niryo_one_msgs/ManageSequence.h
Symlinking /home/nwjbrandon/nus/hack_n_roll/ros_ws/devel/include/niryo_one_msgs/GetCalibrationCamResponse.h
Symlinking /home/nwjbrandon/nus/hack_n_roll/ros_ws/devel/include/niryo_one_msgs/ChangeMotorConfigResponse.h
Symlinking /home/nwjbrandon/nus/hack_n_roll/ros_ws/devel/lib/python3/dist-packages/niryo_one_msgs/__init__.py
Symlinking /home/nwjbrandon/nus/hack_n_roll/ros_ws/devel/lib/python3/dist-packages/niryo_one_msgs/srv/_GetDigitalIO.py
Symlinking /home/nwjbrandon/nus/hack_n_roll/ros_ws/devel/lib/python3/dist-packages/niryo_one_msgs/srv/_ControlConveyor.py
Symlinking /home/nwjbrandon/nus/hack_n_roll/ros_ws/devel/lib/python3/dist-packages/niryo_one_msgs/srv/_GetTrajectoryList.py
Symlinking /home/nwjbrandon/nus/hack_n_roll/ros_ws/devel/lib/python3/dist-packages/niryo_one_msgs/srv/_EditWorkspace.py
Symlinking /home/nwjbrandon/nus/hack_n_roll/ros_ws/devel/lib/python3/dist-packages/niryo_one_msgs/srv/_RobotMove.py
Symlinking /home/nwjbrandon/nus/hack_n_roll/ros_ws/devel/lib/python3/dist-packages/niryo_one_msgs/srv/_ManageTrajectory.py
Symlinking /home/nwjbrandon/nus/hack_n_roll/ros_ws/devel/lib/python3/dist-packages/niryo_one_msgs/srv/_PingDxlTool.py
Symlinking /home/nwjbrandon/nus/hack_n_roll/ros_ws/devel/lib/python3/dist-packages/niryo_one_msgs/srv/_ChangeHardwareVersion.py
Symlinking /home/nwjbrandon/nus/hack_n_roll/ros_ws/devel/lib/python3/dist-packages/niryo_one_msgs/srv/_ManagePosition.py
Symlinking /home/nwjbrandon/nus/hack_n_roll/ros_ws/devel/lib/python3/dist-packages/niryo_one_msgs/srv/_SetSequenceAutorun.py
Symlinking /home/nwjbrandon/nus/hack_n_roll/ros_ws/devel/lib/python3/dist-packages/niryo_one_msgs/srv/__init__.py
Symlinking /home/nwjbrandon/nus/hack_n_roll/ros_ws/devel/lib/python3/dist-packages/niryo_one_msgs/srv/_SetConveyor.py
Symlinking /home/nwjbrandon/nus/hack_n_roll/ros_ws/devel/lib/python3/dist-packages/niryo_one_msgs/srv/_ChangeMotorConfig.py
Symlinking /home/nwjbrandon/nus/hack_n_roll/ros_ws/devel/lib/python3/dist-packages/niryo_one_msgs/srv/_SetCalibrationCam.py
Symlinking /home/nwjbrandon/nus/hack_n_roll/ros_ws/devel/lib/python3/dist-packages/niryo_one_msgs/srv/_SetDigitalIO.py
Symlinking /home/nwjbrandon/nus/hack_n_roll/ros_ws/devel/lib/python3/dist-packages/niryo_one_msgs/srv/_SetInt.py
Symlinking /home/nwjbrandon/nus/hack_n_roll/ros_ws/devel/lib/python3/dist-packages/niryo_one_msgs/srv/_TakePicture.py
Symlinking /home/nwjbrandon/nus/hack_n_roll/ros_ws/devel/lib/python3/dist-packages/niryo_one_msgs/srv/_GetPositionList.py
Symlinking /home/nwjbrandon/nus/hack_n_roll/ros_ws/devel/lib/python3/dist-packages/niryo_one_msgs/srv/_GetTargetPose.py
Symlinking /home/nwjbrandon/nus/hack_n_roll/ros_ws/devel/lib/python3/dist-packages/niryo_one_msgs/srv/_GetInt.py
Symlinking /home/nwjbrandon/nus/hack_n_roll/ros_ws/devel/lib/python3/dist-packages/niryo_one_msgs/srv/_DebugMarkers.py
Symlinking /home/nwjbrandon/nus/hack_n_roll/ros_ws/devel/lib/python3/dist-packages/niryo_one_msgs/srv/_PullAirVacuumPump.py
Symlinking /home/nwjbrandon/nus/hack_n_roll/ros_ws/devel/lib/python3/dist-packages/niryo_one_msgs/srv/_ManageSequence.py
Symlinking /home/nwjbrandon/nus/hack_n_roll/ros_ws/devel/lib/python3/dist-packages/niryo_one_msgs/srv/_GetCalibrationCam.py
Symlinking /home/nwjbrandon/nus/hack_n_roll/ros_ws/devel/lib/python3/dist-packages/niryo_one_msgs/srv/_GetWorkspaceRatio.py
Symlinking /home/nwjbrandon/nus/hack_n_roll/ros_ws/devel/lib/python3/dist-packages/niryo_one_msgs/srv/_ManageProcess.py
Symlinking /home/nwjbrandon/nus/hack_n_roll/ros_ws/devel/lib/python3/dist-packages/niryo_one_msgs/srv/_DebugColorDetection.py
Symlinking /home/nwjbrandon/nus/hack_n_roll/ros_ws/devel/lib/python3/dist-packages/niryo_one_msgs/srv/_GetWorkspaceRobotPoses.py
Symlinking /home/nwjbrandon/nus/hack_n_roll/ros_ws/devel/lib/python3/dist-packages/niryo_one_msgs/srv/_GetSequenceList.py
Symlinking /home/nwjbrandon/nus/hack_n_roll/ros_ws/devel/lib/python3/dist-packages/niryo_one_msgs/srv/_GetWorkspaceList.py
Symlinking /home/nwjbrandon/nus/hack_n_roll/ros_ws/devel/lib/python3/dist-packages/niryo_one_msgs/srv/_CloseGripper.py
Symlinking /home/nwjbrandon/nus/hack_n_roll/ros_ws/devel/lib/python3/dist-packages/niryo_one_msgs/srv/_UpdateConveyorId.py
Symlinking /home/nwjbrandon/nus/hack_n_roll/ros_ws/devel/lib/python3/dist-packages/niryo_one_msgs/srv/_OpenGripper.py
Symlinking /home/nwjbrandon/nus/hack_n_roll/ros_ws/devel/lib/python3/dist-packages/niryo_one_msgs/srv/_ObjDetection.py
Symlinking /home/nwjbrandon/nus/hack_n_roll/ros_ws/devel/lib/python3/dist-packages/niryo_one_msgs/srv/_SendCustomDxlValue.py
Symlinking /home/nwjbrandon/nus/hack_n_roll/ros_ws/devel/lib/python3/dist-packages/niryo_one_msgs/srv/_SetString.py
Symlinking /home/nwjbrandon/nus/hack_n_roll/ros_ws/devel/lib/python3/dist-packages/niryo_one_msgs/srv/_SetLeds.py
Symlinking /home/nwjbrandon/nus/hack_n_roll/ros_ws/devel/lib/python3/dist-packages/niryo_one_msgs/srv/_EditGrip.py
Symlinking /home/nwjbrandon/nus/hack_n_roll/ros_ws/devel/lib/python3/dist-packages/niryo_one_msgs/srv/_PushAirVacuumPump.py
Symlinking /home/nwjbrandon/nus/hack_n_roll/ros_ws/devel/lib/python3/dist-packages/niryo_one_msgs/msg/_RPY.py
Symlinking /home/nwjbrandon/nus/hack_n_roll/ros_ws/devel/lib/python3/dist-packages/niryo_one_msgs/msg/_Position.py
Symlinking /home/nwjbrandon/nus/hack_n_roll/ros_ws/devel/lib/python3/dist-packages/niryo_one_msgs/msg/_TrajectoryPlan.py
Symlinking /home/nwjbrandon/nus/hack_n_roll/ros_ws/devel/lib/python3/dist-packages/niryo_one_msgs/msg/_ToolCommand.py
Symlinking /home/nwjbrandon/nus/hack_n_roll/ros_ws/devel/lib/python3/dist-packages/niryo_one_msgs/msg/_ToolResult.py
Symlinking /home/nwjbrandon/nus/hack_n_roll/ros_ws/devel/lib/python3/dist-packages/niryo_one_msgs/msg/_Trajectory.py
Symlinking /home/nwjbrandon/nus/hack_n_roll/ros_ws/devel/lib/python3/dist-packages/niryo_one_msgs/msg/_SequenceGoal.py
Symlinking /home/nwjbrandon/nus/hack_n_roll/ros_ws/devel/lib/python3/dist-packages/niryo_one_msgs/msg/_ToolActionResult.py
Symlinking /home/nwjbrandon/nus/hack_n_roll/ros_ws/devel/lib/python3/dist-packages/niryo_one_msgs/msg/_SequenceAutorunStatus.py
Symlinking /home/nwjbrandon/nus/hack_n_roll/ros_ws/devel/lib/python3/dist-packages/niryo_one_msgs/msg/_JoystickJointsAction.py
Symlinking /home/nwjbrandon/nus/hack_n_roll/ros_ws/devel/lib/python3/dist-packages/niryo_one_msgs/msg/_JoystickJointsFeedback.py
Symlinking /home/nwjbrandon/nus/hack_n_roll/ros_ws/devel/lib/python3/dist-packages/niryo_one_msgs/msg/_ObjectPose.py
Symlinking /home/nwjbrandon/nus/hack_n_roll/ros_ws/devel/lib/python3/dist-packages/niryo_one_msgs/msg/_JoystickJointsActionResult.py
Symlinking /home/nwjbrandon/nus/hack_n_roll/ros_ws/devel/lib/python3/dist-packages/niryo_one_msgs/msg/__init__.py
Symlinking /home/nwjbrandon/nus/hack_n_roll/ros_ws/devel/lib/python3/dist-packages/niryo_one_msgs/msg/_MatlabMoveResult.py
Symlinking /home/nwjbrandon/nus/hack_n_roll/ros_ws/devel/lib/python3/dist-packages/niryo_one_msgs/msg/_SequenceActionFeedback.py
Symlinking /home/nwjbrandon/nus/hack_n_roll/ros_ws/devel/lib/python3/dist-packages/niryo_one_msgs/msg/_JoystickJointsGoal.py
Symlinking /home/nwjbrandon/nus/hack_n_roll/ros_ws/devel/lib/python3/dist-packages/niryo_one_msgs/msg/_ShiftPose.py
Symlinking /home/nwjbrandon/nus/hack_n_roll/ros_ws/devel/lib/python3/dist-packages/niryo_one_msgs/msg/_RobotMoveActionGoal.py
Symlinking /home/nwjbrandon/nus/hack_n_roll/ros_ws/devel/lib/python3/dist-packages/niryo_one_msgs/msg/_RobotMoveGoal.py
Symlinking /home/nwjbrandon/nus/hack_n_roll/ros_ws/devel/lib/python3/dist-packages/niryo_one_msgs/msg/_SoftwareVersion.py
Symlinking /home/nwjbrandon/nus/hack_n_roll/ros_ws/devel/lib/python3/dist-packages/niryo_one_msgs/msg/_ToolFeedback.py
Symlinking /home/nwjbrandon/nus/hack_n_roll/ros_ws/devel/lib/python3/dist-packages/niryo_one_msgs/msg/_RobotMoveFeedback.py
Symlinking /home/nwjbrandon/nus/hack_n_roll/ros_ws/devel/lib/python3/dist-packages/niryo_one_msgs/msg/_ConveyorFeedback.py
Symlinking /home/nwjbrandon/nus/hack_n_roll/ros_ws/devel/lib/python3/dist-packages/niryo_one_msgs/msg/_RobotMoveResult.py
Symlinking /home/nwjbrandon/nus/hack_n_roll/ros_ws/devel/lib/python3/dist-packages/niryo_one_msgs/msg/_RobotMoveAction.py
Symlinking /home/nwjbrandon/nus/hack_n_roll/ros_ws/devel/lib/python3/dist-packages/niryo_one_msgs/msg/_RobotMoveActionFeedback.py
Symlinking /home/nwjbrandon/nus/hack_n_roll/ros_ws/devel/lib/python3/dist-packages/niryo_one_msgs/msg/_SequenceFeedback.py
Symlinking /home/nwjbrandon/nus/hack_n_roll/ros_ws/devel/lib/python3/dist-packages/niryo_one_msgs/msg/_HardwareStatus.py
Symlinking /home/nwjbrandon/nus/hack_n_roll/ros_ws/devel/lib/python3/dist-packages/niryo_one_msgs/msg/_JoystickJointsActionFeedback.py
Symlinking /home/nwjbrandon/nus/hack_n_roll/ros_ws/devel/lib/python3/dist-packages/niryo_one_msgs/msg/_SequenceResult.py
Symlinking /home/nwjbrandon/nus/hack_n_roll/ros_ws/devel/lib/python3/dist-packages/niryo_one_msgs/msg/_SequenceActionResult.py
Symlinking /home/nwjbrandon/nus/hack_n_roll/ros_ws/devel/lib/python3/dist-packages/niryo_one_msgs/msg/_JoystickJointsResult.py
Symlinking /home/nwjbrandon/nus/hack_n_roll/ros_ws/devel/lib/python3/dist-packages/niryo_one_msgs/msg/_DigitalIOState.py
Symlinking /home/nwjbrandon/nus/hack_n_roll/ros_ws/devel/lib/python3/dist-packages/niryo_one_msgs/msg/_SequenceAction.py
Symlinking /home/nwjbrandon/nus/hack_n_roll/ros_ws/devel/lib/python3/dist-packages/niryo_one_msgs/msg/_SequenceActionGoal.py
Symlinking /home/nwjbrandon/nus/hack_n_roll/ros_ws/devel/lib/python3/dist-packages/niryo_one_msgs/msg/_RobotMoveCommand.py
Symlinking /home/nwjbrandon/nus/hack_n_roll/ros_ws/devel/lib/python3/dist-packages/niryo_one_msgs/msg/_RobotState.py
Symlinking /home/nwjbrandon/nus/hack_n_roll/ros_ws/devel/lib/python3/dist-packages/niryo_one_msgs/msg/_ToolActionGoal.py
Symlinking /home/nwjbrandon/nus/hack_n_roll/ros_ws/devel/lib/python3/dist-packages/niryo_one_msgs/msg/_ToolGoal.py
Symlinking /home/nwjbrandon/nus/hack_n_roll/ros_ws/devel/lib/python3/dist-packages/niryo_one_msgs/msg/_ProcessState.py
Symlinking /home/nwjbrandon/nus/hack_n_roll/ros_ws/devel/lib/python3/dist-packages/niryo_one_msgs/msg/_RobotMoveActionResult.py
Symlinking /home/nwjbrandon/nus/hack_n_roll/ros_ws/devel/lib/python3/dist-packages/niryo_one_msgs/msg/_ToolActionFeedback.py
Symlinking /home/nwjbrandon/nus/hack_n_roll/ros_ws/devel/lib/python3/dist-packages/niryo_one_msgs/msg/_ToolAction.py
Symlinking /home/nwjbrandon/nus/hack_n_roll/ros_ws/devel/lib/python3/dist-packages/niryo_one_msgs/msg/_JoystickJointsActionGoal.py
Symlinking /home/nwjbrandon/nus/hack_n_roll/ros_ws/devel/lib/python3/dist-packages/niryo_one_msgs/msg/_Sequence.py
Symlinking /home/nwjbrandon/nus/hack_n_roll/ros_ws/devel/lib/python3/dist-packages/niryo_one_msgs/msg/_LogStatus.py
Symlinking /home/nwjbrandon/nus/hack_n_roll/ros_ws/devel/lib/pkgconfig/niryo_one_msgs.pc
Symlinking /home/nwjbrandon/nus/hack_n_roll/ros_ws/devel/share/gennodejs/ros/niryo_one_msgs/_index.js
Symlinking /home/nwjbrandon/nus/hack_n_roll/ros_ws/devel/share/gennodejs/ros/niryo_one_msgs/srv/ManageSequence.js
Symlinking /home/nwjbrandon/nus/hack_n_roll/ros_ws/devel/share/gennodejs/ros/niryo_one_msgs/srv/SetInt.js
Symlinking /home/nwjbrandon/nus/hack_n_roll/ros_ws/devel/share/gennodejs/ros/niryo_one_msgs/srv/GetWorkspaceRobotPoses.js
Symlinking /home/nwjbrandon/nus/hack_n_roll/ros_ws/devel/share/gennodejs/ros/niryo_one_msgs/srv/SendCustomDxlValue.js
Symlinking /home/nwjbrandon/nus/hack_n_roll/ros_ws/devel/share/gennodejs/ros/niryo_one_msgs/srv/SetConveyor.js
Symlinking /home/nwjbrandon/nus/hack_n_roll/ros_ws/devel/share/gennodejs/ros/niryo_one_msgs/srv/SetDigitalIO.js
Symlinking /home/nwjbrandon/nus/hack_n_roll/ros_ws/devel/share/gennodejs/ros/niryo_one_msgs/srv/GetTargetPose.js
Symlinking /home/nwjbrandon/nus/hack_n_roll/ros_ws/devel/share/gennodejs/ros/niryo_one_msgs/srv/ManageProcess.js
Symlinking /home/nwjbrandon/nus/hack_n_roll/ros_ws/devel/share/gennodejs/ros/niryo_one_msgs/srv/UpdateConveyorId.js
Symlinking /home/nwjbrandon/nus/hack_n_roll/ros_ws/devel/share/gennodejs/ros/niryo_one_msgs/srv/PullAirVacuumPump.js
Symlinking /home/nwjbrandon/nus/hack_n_roll/ros_ws/devel/share/gennodejs/ros/niryo_one_msgs/srv/GetCalibrationCam.js
Symlinking /home/nwjbrandon/nus/hack_n_roll/ros_ws/devel/share/gennodejs/ros/niryo_one_msgs/srv/SetCalibrationCam.js
Symlinking /home/nwjbrandon/nus/hack_n_roll/ros_ws/devel/share/gennodejs/ros/niryo_one_msgs/srv/GetDigitalIO.js
Symlinking /home/nwjbrandon/nus/hack_n_roll/ros_ws/devel/share/gennodejs/ros/niryo_one_msgs/srv/SetSequenceAutorun.js
Symlinking /home/nwjbrandon/nus/hack_n_roll/ros_ws/devel/share/gennodejs/ros/niryo_one_msgs/srv/GetTrajectoryList.js
Symlinking /home/nwjbrandon/nus/hack_n_roll/ros_ws/devel/share/gennodejs/ros/niryo_one_msgs/srv/DebugColorDetection.js
Symlinking /home/nwjbrandon/nus/hack_n_roll/ros_ws/devel/share/gennodejs/ros/niryo_one_msgs/srv/ManageTrajectory.js
Symlinking /home/nwjbrandon/nus/hack_n_roll/ros_ws/devel/share/gennodejs/ros/niryo_one_msgs/srv/ManagePosition.js
Symlinking /home/nwjbrandon/nus/hack_n_roll/ros_ws/devel/share/gennodejs/ros/niryo_one_msgs/srv/CloseGripper.js
Symlinking /home/nwjbrandon/nus/hack_n_roll/ros_ws/devel/share/gennodejs/ros/niryo_one_msgs/srv/SetString.js
Symlinking /home/nwjbrandon/nus/hack_n_roll/ros_ws/devel/share/gennodejs/ros/niryo_one_msgs/srv/ControlConveyor.js
Symlinking /home/nwjbrandon/nus/hack_n_roll/ros_ws/devel/share/gennodejs/ros/niryo_one_msgs/srv/GetSequenceList.js
Symlinking /home/nwjbrandon/nus/hack_n_roll/ros_ws/devel/share/gennodejs/ros/niryo_one_msgs/srv/DebugMarkers.js
Symlinking /home/nwjbrandon/nus/hack_n_roll/ros_ws/devel/share/gennodejs/ros/niryo_one_msgs/srv/ChangeHardwareVersion.js
Symlinking /home/nwjbrandon/nus/hack_n_roll/ros_ws/devel/share/gennodejs/ros/niryo_one_msgs/srv/GetInt.js
Symlinking /home/nwjbrandon/nus/hack_n_roll/ros_ws/devel/share/gennodejs/ros/niryo_one_msgs/srv/OpenGripper.js
Symlinking /home/nwjbrandon/nus/hack_n_roll/ros_ws/devel/share/gennodejs/ros/niryo_one_msgs/srv/PushAirVacuumPump.js
Symlinking /home/nwjbrandon/nus/hack_n_roll/ros_ws/devel/share/gennodejs/ros/niryo_one_msgs/srv/PingDxlTool.js
Symlinking /home/nwjbrandon/nus/hack_n_roll/ros_ws/devel/share/gennodejs/ros/niryo_one_msgs/srv/_index.js
Symlinking /home/nwjbrandon/nus/hack_n_roll/ros_ws/devel/share/gennodejs/ros/niryo_one_msgs/srv/RobotMove.js
Symlinking /home/nwjbrandon/nus/hack_n_roll/ros_ws/devel/share/gennodejs/ros/niryo_one_msgs/srv/GetPositionList.js
Symlinking /home/nwjbrandon/nus/hack_n_roll/ros_ws/devel/share/gennodejs/ros/niryo_one_msgs/srv/GetWorkspaceList.js
Symlinking /home/nwjbrandon/nus/hack_n_roll/ros_ws/devel/share/gennodejs/ros/niryo_one_msgs/srv/ChangeMotorConfig.js
Symlinking /home/nwjbrandon/nus/hack_n_roll/ros_ws/devel/share/gennodejs/ros/niryo_one_msgs/srv/ObjDetection.js
Symlinking /home/nwjbrandon/nus/hack_n_roll/ros_ws/devel/share/gennodejs/ros/niryo_one_msgs/srv/EditWorkspace.js
Symlinking /home/nwjbrandon/nus/hack_n_roll/ros_ws/devel/share/gennodejs/ros/niryo_one_msgs/srv/EditGrip.js
Symlinking /home/nwjbrandon/nus/hack_n_roll/ros_ws/devel/share/gennodejs/ros/niryo_one_msgs/srv/SetLeds.js
Symlinking /home/nwjbrandon/nus/hack_n_roll/ros_ws/devel/share/gennodejs/ros/niryo_one_msgs/srv/GetWorkspaceRatio.js
Symlinking /home/nwjbrandon/nus/hack_n_roll/ros_ws/devel/share/gennodejs/ros/niryo_one_msgs/srv/TakePicture.js
Symlinking /home/nwjbrandon/nus/hack_n_roll/ros_ws/devel/share/gennodejs/ros/niryo_one_msgs/msg/SequenceAction.js
Symlinking /home/nwjbrandon/nus/hack_n_roll/ros_ws/devel/share/gennodejs/ros/niryo_one_msgs/msg/RobotState.js
Symlinking /home/nwjbrandon/nus/hack_n_roll/ros_ws/devel/share/gennodejs/ros/niryo_one_msgs/msg/RobotMoveResult.js
Symlinking /home/nwjbrandon/nus/hack_n_roll/ros_ws/devel/share/gennodejs/ros/niryo_one_msgs/msg/LogStatus.js
Symlinking /home/nwjbrandon/nus/hack_n_roll/ros_ws/devel/share/gennodejs/ros/niryo_one_msgs/msg/ToolGoal.js
Symlinking /home/nwjbrandon/nus/hack_n_roll/ros_ws/devel/share/gennodejs/ros/niryo_one_msgs/msg/RobotMoveFeedback.js
Symlinking /home/nwjbrandon/nus/hack_n_roll/ros_ws/devel/share/gennodejs/ros/niryo_one_msgs/msg/DigitalIOState.js
Symlinking /home/nwjbrandon/nus/hack_n_roll/ros_ws/devel/share/gennodejs/ros/niryo_one_msgs/msg/SequenceActionResult.js
Symlinking /home/nwjbrandon/nus/hack_n_roll/ros_ws/devel/share/gennodejs/ros/niryo_one_msgs/msg/SequenceActionGoal.js
Symlinking /home/nwjbrandon/nus/hack_n_roll/ros_ws/devel/share/gennodejs/ros/niryo_one_msgs/msg/ToolAction.js
Symlinking /home/nwjbrandon/nus/hack_n_roll/ros_ws/devel/share/gennodejs/ros/niryo_one_msgs/msg/ObjectPose.js
Symlinking /home/nwjbrandon/nus/hack_n_roll/ros_ws/devel/share/gennodejs/ros/niryo_one_msgs/msg/Trajectory.js
Symlinking /home/nwjbrandon/nus/hack_n_roll/ros_ws/devel/share/gennodejs/ros/niryo_one_msgs/msg/SequenceAutorunStatus.js
Symlinking /home/nwjbrandon/nus/hack_n_roll/ros_ws/devel/share/gennodejs/ros/niryo_one_msgs/msg/JoystickJointsActionGoal.js
Symlinking /home/nwjbrandon/nus/hack_n_roll/ros_ws/devel/share/gennodejs/ros/niryo_one_msgs/msg/Position.js
Symlinking /home/nwjbrandon/nus/hack_n_roll/ros_ws/devel/share/gennodejs/ros/niryo_one_msgs/msg/HardwareStatus.js
Symlinking /home/nwjbrandon/nus/hack_n_roll/ros_ws/devel/share/gennodejs/ros/niryo_one_msgs/msg/RobotMoveActionFeedback.js
Symlinking /home/nwjbrandon/nus/hack_n_roll/ros_ws/devel/share/gennodejs/ros/niryo_one_msgs/msg/RobotMoveActionGoal.js
Symlinking /home/nwjbrandon/nus/hack_n_roll/ros_ws/devel/share/gennodejs/ros/niryo_one_msgs/msg/SequenceGoal.js
Symlinking /home/nwjbrandon/nus/hack_n_roll/ros_ws/devel/share/gennodejs/ros/niryo_one_msgs/msg/TrajectoryPlan.js
Symlinking /home/nwjbrandon/nus/hack_n_roll/ros_ws/devel/share/gennodejs/ros/niryo_one_msgs/msg/ToolActionFeedback.js
Symlinking /home/nwjbrandon/nus/hack_n_roll/ros_ws/devel/share/gennodejs/ros/niryo_one_msgs/msg/JoystickJointsGoal.js
Symlinking /home/nwjbrandon/nus/hack_n_roll/ros_ws/devel/share/gennodejs/ros/niryo_one_msgs/msg/ProcessState.js
Symlinking /home/nwjbrandon/nus/hack_n_roll/ros_ws/devel/share/gennodejs/ros/niryo_one_msgs/msg/Sequence.js
Symlinking /home/nwjbrandon/nus/hack_n_roll/ros_ws/devel/share/gennodejs/ros/niryo_one_msgs/msg/RobotMoveAction.js
Symlinking /home/nwjbrandon/nus/hack_n_roll/ros_ws/devel/share/gennodejs/ros/niryo_one_msgs/msg/RobotMoveActionResult.js
Symlinking /home/nwjbrandon/nus/hack_n_roll/ros_ws/devel/share/gennodejs/ros/niryo_one_msgs/msg/ToolActionResult.js
Symlinking /home/nwjbrandon/nus/hack_n_roll/ros_ws/devel/share/gennodejs/ros/niryo_one_msgs/msg/SequenceResult.js
Symlinking /home/nwjbrandon/nus/hack_n_roll/ros_ws/devel/share/gennodejs/ros/niryo_one_msgs/msg/ToolResult.js
Symlinking /home/nwjbrandon/nus/hack_n_roll/ros_ws/devel/share/gennodejs/ros/niryo_one_msgs/msg/ShiftPose.js
Symlinking /home/nwjbrandon/nus/hack_n_roll/ros_ws/devel/share/gennodejs/ros/niryo_one_msgs/msg/_index.js
Symlinking /home/nwjbrandon/nus/hack_n_roll/ros_ws/devel/share/gennodejs/ros/niryo_one_msgs/msg/SoftwareVersion.js
Symlinking /home/nwjbrandon/nus/hack_n_roll/ros_ws/devel/share/gennodejs/ros/niryo_one_msgs/msg/RobotMoveGoal.js
Symlinking /home/nwjbrandon/nus/hack_n_roll/ros_ws/devel/share/gennodejs/ros/niryo_one_msgs/msg/JoystickJointsResult.js
Symlinking /home/nwjbrandon/nus/hack_n_roll/ros_ws/devel/share/gennodejs/ros/niryo_one_msgs/msg/JoystickJointsActionResult.js
Symlinking /home/nwjbrandon/nus/hack_n_roll/ros_ws/devel/share/gennodejs/ros/niryo_one_msgs/msg/RPY.js
Symlinking /home/nwjbrandon/nus/hack_n_roll/ros_ws/devel/share/gennodejs/ros/niryo_one_msgs/msg/MatlabMoveResult.js
Symlinking /home/nwjbrandon/nus/hack_n_roll/ros_ws/devel/share/gennodejs/ros/niryo_one_msgs/msg/ToolActionGoal.js
Symlinking /home/nwjbrandon/nus/hack_n_roll/ros_ws/devel/share/gennodejs/ros/niryo_one_msgs/msg/JoystickJointsActionFeedback.js
Symlinking /home/nwjbrandon/nus/hack_n_roll/ros_ws/devel/share/gennodejs/ros/niryo_one_msgs/msg/ToolCommand.js
Symlinking /home/nwjbrandon/nus/hack_n_roll/ros_ws/devel/share/gennodejs/ros/niryo_one_msgs/msg/JoystickJointsFeedback.js
Symlinking /home/nwjbrandon/nus/hack_n_roll/ros_ws/devel/share/gennodejs/ros/niryo_one_msgs/msg/RobotMoveCommand.js
Symlinking /home/nwjbrandon/nus/hack_n_roll/ros_ws/devel/share/gennodejs/ros/niryo_one_msgs/msg/SequenceActionFeedback.js
Symlinking /home/nwjbrandon/nus/hack_n_roll/ros_ws/devel/share/gennodejs/ros/niryo_one_msgs/msg/ToolFeedback.js
Symlinking /home/nwjbrandon/nus/hack_n_roll/ros_ws/devel/share/gennodejs/ros/niryo_one_msgs/msg/SequenceFeedback.js
Symlinking /home/nwjbrandon/nus/hack_n_roll/ros_ws/devel/share/gennodejs/ros/niryo_one_msgs/msg/ConveyorFeedback.js
Symlinking /home/nwjbrandon/nus/hack_n_roll/ros_ws/devel/share/gennodejs/ros/niryo_one_msgs/msg/JoystickJointsAction.js
Symlinking /home/nwjbrandon/nus/hack_n_roll/ros_ws/devel/share/roseus/ros/niryo_one_msgs/manifest.l
Symlinking /home/nwjbrandon/nus/hack_n_roll/ros_ws/devel/share/roseus/ros/niryo_one_msgs/srv/UpdateConveyorId.l
Symlinking /home/nwjbrandon/nus/hack_n_roll/ros_ws/devel/share/roseus/ros/niryo_one_msgs/srv/ManageTrajectory.l
Symlinking /home/nwjbrandon/nus/hack_n_roll/ros_ws/devel/share/roseus/ros/niryo_one_msgs/srv/GetInt.l
Symlinking /home/nwjbrandon/nus/hack_n_roll/ros_ws/devel/share/roseus/ros/niryo_one_msgs/srv/TakePicture.l
Symlinking /home/nwjbrandon/nus/hack_n_roll/ros_ws/devel/share/roseus/ros/niryo_one_msgs/srv/ObjDetection.l
Symlinking /home/nwjbrandon/nus/hack_n_roll/ros_ws/devel/share/roseus/ros/niryo_one_msgs/srv/SetSequenceAutorun.l
Symlinking /home/nwjbrandon/nus/hack_n_roll/ros_ws/devel/share/roseus/ros/niryo_one_msgs/srv/ManageProcess.l
Symlinking /home/nwjbrandon/nus/hack_n_roll/ros_ws/devel/share/roseus/ros/niryo_one_msgs/srv/PushAirVacuumPump.l
Symlinking /home/nwjbrandon/nus/hack_n_roll/ros_ws/devel/share/roseus/ros/niryo_one_msgs/srv/SetInt.l
Symlinking /home/nwjbrandon/nus/hack_n_roll/ros_ws/devel/share/roseus/ros/niryo_one_msgs/srv/RobotMove.l
Symlinking /home/nwjbrandon/nus/hack_n_roll/ros_ws/devel/share/roseus/ros/niryo_one_msgs/srv/SetDigitalIO.l
Symlinking /home/nwjbrandon/nus/hack_n_roll/ros_ws/devel/share/roseus/ros/niryo_one_msgs/srv/GetDigitalIO.l
Symlinking /home/nwjbrandon/nus/hack_n_roll/ros_ws/devel/share/roseus/ros/niryo_one_msgs/srv/SetConveyor.l
Symlinking /home/nwjbrandon/nus/hack_n_roll/ros_ws/devel/share/roseus/ros/niryo_one_msgs/srv/GetWorkspaceRobotPoses.l
Symlinking /home/nwjbrandon/nus/hack_n_roll/ros_ws/devel/share/roseus/ros/niryo_one_msgs/srv/GetWorkspaceList.l
Symlinking /home/nwjbrandon/nus/hack_n_roll/ros_ws/devel/share/roseus/ros/niryo_one_msgs/srv/GetWorkspaceRatio.l
Symlinking /home/nwjbrandon/nus/hack_n_roll/ros_ws/devel/share/roseus/ros/niryo_one_msgs/srv/OpenGripper.l
Symlinking /home/nwjbrandon/nus/hack_n_roll/ros_ws/devel/share/roseus/ros/niryo_one_msgs/srv/DebugMarkers.l
Symlinking /home/nwjbrandon/nus/hack_n_roll/ros_ws/devel/share/roseus/ros/niryo_one_msgs/srv/GetCalibrationCam.l
Symlinking /home/nwjbrandon/nus/hack_n_roll/ros_ws/devel/share/roseus/ros/niryo_one_msgs/srv/PullAirVacuumPump.l
Symlinking /home/nwjbrandon/nus/hack_n_roll/ros_ws/devel/share/roseus/ros/niryo_one_msgs/srv/SendCustomDxlValue.l
Symlinking /home/nwjbrandon/nus/hack_n_roll/ros_ws/devel/share/roseus/ros/niryo_one_msgs/srv/ChangeMotorConfig.l
Symlinking /home/nwjbrandon/nus/hack_n_roll/ros_ws/devel/share/roseus/ros/niryo_one_msgs/srv/SetLeds.l
Symlinking /home/nwjbrandon/nus/hack_n_roll/ros_ws/devel/share/roseus/ros/niryo_one_msgs/srv/DebugColorDetection.l
Symlinking /home/nwjbrandon/nus/hack_n_roll/ros_ws/devel/share/roseus/ros/niryo_one_msgs/srv/EditWorkspace.l
Symlinking /home/nwjbrandon/nus/hack_n_roll/ros_ws/devel/share/roseus/ros/niryo_one_msgs/srv/SetString.l
Symlinking /home/nwjbrandon/nus/hack_n_roll/ros_ws/devel/share/roseus/ros/niryo_one_msgs/srv/ManagePosition.l
Symlinking /home/nwjbrandon/nus/hack_n_roll/ros_ws/devel/share/roseus/ros/niryo_one_msgs/srv/GetTrajectoryList.l
Symlinking /home/nwjbrandon/nus/hack_n_roll/ros_ws/devel/share/roseus/ros/niryo_one_msgs/srv/GetPositionList.l
Symlinking /home/nwjbrandon/nus/hack_n_roll/ros_ws/devel/share/roseus/ros/niryo_one_msgs/srv/GetTargetPose.l
Symlinking /home/nwjbrandon/nus/hack_n_roll/ros_ws/devel/share/roseus/ros/niryo_one_msgs/srv/ControlConveyor.l
Symlinking /home/nwjbrandon/nus/hack_n_roll/ros_ws/devel/share/roseus/ros/niryo_one_msgs/srv/ChangeHardwareVersion.l
Symlinking /home/nwjbrandon/nus/hack_n_roll/ros_ws/devel/share/roseus/ros/niryo_one_msgs/srv/CloseGripper.l
Symlinking /home/nwjbrandon/nus/hack_n_roll/ros_ws/devel/share/roseus/ros/niryo_one_msgs/srv/EditGrip.l
Symlinking /home/nwjbrandon/nus/hack_n_roll/ros_ws/devel/share/roseus/ros/niryo_one_msgs/srv/GetSequenceList.l
Symlinking /home/nwjbrandon/nus/hack_n_roll/ros_ws/devel/share/roseus/ros/niryo_one_msgs/srv/PingDxlTool.l
Symlinking /home/nwjbrandon/nus/hack_n_roll/ros_ws/devel/share/roseus/ros/niryo_one_msgs/srv/ManageSequence.l
Symlinking /home/nwjbrandon/nus/hack_n_roll/ros_ws/devel/share/roseus/ros/niryo_one_msgs/srv/SetCalibrationCam.l
Symlinking /home/nwjbrandon/nus/hack_n_roll/ros_ws/devel/share/roseus/ros/niryo_one_msgs/msg/DigitalIOState.l
Symlinking /home/nwjbrandon/nus/hack_n_roll/ros_ws/devel/share/roseus/ros/niryo_one_msgs/msg/SequenceAction.l
Symlinking /home/nwjbrandon/nus/hack_n_roll/ros_ws/devel/share/roseus/ros/niryo_one_msgs/msg/RobotMoveActionFeedback.l
Symlinking /home/nwjbrandon/nus/hack_n_roll/ros_ws/devel/share/roseus/ros/niryo_one_msgs/msg/JoystickJointsAction.l
Symlinking /home/nwjbrandon/nus/hack_n_roll/ros_ws/devel/share/roseus/ros/niryo_one_msgs/msg/TrajectoryPlan.l
Symlinking /home/nwjbrandon/nus/hack_n_roll/ros_ws/devel/share/roseus/ros/niryo_one_msgs/msg/RobotMoveGoal.l
Symlinking /home/nwjbrandon/nus/hack_n_roll/ros_ws/devel/share/roseus/ros/niryo_one_msgs/msg/RobotMoveFeedback.l
Symlinking /home/nwjbrandon/nus/hack_n_roll/ros_ws/devel/share/roseus/ros/niryo_one_msgs/msg/ToolCommand.l
Symlinking /home/nwjbrandon/nus/hack_n_roll/ros_ws/devel/share/roseus/ros/niryo_one_msgs/msg/ShiftPose.l
Symlinking /home/nwjbrandon/nus/hack_n_roll/ros_ws/devel/share/roseus/ros/niryo_one_msgs/msg/SequenceActionResult.l
Symlinking /home/nwjbrandon/nus/hack_n_roll/ros_ws/devel/share/roseus/ros/niryo_one_msgs/msg/RobotMoveCommand.l
Symlinking /home/nwjbrandon/nus/hack_n_roll/ros_ws/devel/share/roseus/ros/niryo_one_msgs/msg/SequenceActionFeedback.l
Symlinking /home/nwjbrandon/nus/hack_n_roll/ros_ws/devel/share/roseus/ros/niryo_one_msgs/msg/SequenceFeedback.l
Symlinking /home/nwjbrandon/nus/hack_n_roll/ros_ws/devel/share/roseus/ros/niryo_one_msgs/msg/Sequence.l
Symlinking /home/nwjbrandon/nus/hack_n_roll/ros_ws/devel/share/roseus/ros/niryo_one_msgs/msg/JoystickJointsResult.l
Symlinking /home/nwjbrandon/nus/hack_n_roll/ros_ws/devel/share/roseus/ros/niryo_one_msgs/msg/Trajectory.l
Symlinking /home/nwjbrandon/nus/hack_n_roll/ros_ws/devel/share/roseus/ros/niryo_one_msgs/msg/RobotMoveResult.l
Symlinking /home/nwjbrandon/nus/hack_n_roll/ros_ws/devel/share/roseus/ros/niryo_one_msgs/msg/ToolAction.l
Symlinking /home/nwjbrandon/nus/hack_n_roll/ros_ws/devel/share/roseus/ros/niryo_one_msgs/msg/SequenceGoal.l
Symlinking /home/nwjbrandon/nus/hack_n_roll/ros_ws/devel/share/roseus/ros/niryo_one_msgs/msg/HardwareStatus.l
Symlinking /home/nwjbrandon/nus/hack_n_roll/ros_ws/devel/share/roseus/ros/niryo_one_msgs/msg/RobotState.l
Symlinking /home/nwjbrandon/nus/hack_n_roll/ros_ws/devel/share/roseus/ros/niryo_one_msgs/msg/SequenceAutorunStatus.l
Symlinking /home/nwjbrandon/nus/hack_n_roll/ros_ws/devel/share/roseus/ros/niryo_one_msgs/msg/ConveyorFeedback.l
Symlinking /home/nwjbrandon/nus/hack_n_roll/ros_ws/devel/share/roseus/ros/niryo_one_msgs/msg/JoystickJointsFeedback.l
Symlinking /home/nwjbrandon/nus/hack_n_roll/ros_ws/devel/share/roseus/ros/niryo_one_msgs/msg/ToolActionResult.l
Symlinking /home/nwjbrandon/nus/hack_n_roll/ros_ws/devel/share/roseus/ros/niryo_one_msgs/msg/RPY.l
Symlinking /home/nwjbrandon/nus/hack_n_roll/ros_ws/devel/share/roseus/ros/niryo_one_msgs/msg/JoystickJointsGoal.l
Symlinking /home/nwjbrandon/nus/hack_n_roll/ros_ws/devel/share/roseus/ros/niryo_one_msgs/msg/ToolFeedback.l
Symlinking /home/nwjbrandon/nus/hack_n_roll/ros_ws/devel/share/roseus/ros/niryo_one_msgs/msg/ToolActionFeedback.l
Symlinking /home/nwjbrandon/nus/hack_n_roll/ros_ws/devel/share/roseus/ros/niryo_one_msgs/msg/MatlabMoveResult.l
Symlinking /home/nwjbrandon/nus/hack_n_roll/ros_ws/devel/share/roseus/ros/niryo_one_msgs/msg/ObjectPose.l
Symlinking /home/nwjbrandon/nus/hack_n_roll/ros_ws/devel/share/roseus/ros/niryo_one_msgs/msg/JoystickJointsActionResult.l
Symlinking /home/nwjbrandon/nus/hack_n_roll/ros_ws/devel/share/roseus/ros/niryo_one_msgs/msg/RobotMoveActionResult.l
Symlinking /home/nwjbrandon/nus/hack_n_roll/ros_ws/devel/share/roseus/ros/niryo_one_msgs/msg/SoftwareVersion.l
Symlinking /home/nwjbrandon/nus/hack_n_roll/ros_ws/devel/share/roseus/ros/niryo_one_msgs/msg/LogStatus.l
Symlinking /home/nwjbrandon/nus/hack_n_roll/ros_ws/devel/share/roseus/ros/niryo_one_msgs/msg/RobotMoveAction.l
Symlinking /home/nwjbrandon/nus/hack_n_roll/ros_ws/devel/share/roseus/ros/niryo_one_msgs/msg/ToolGoal.l
Symlinking /home/nwjbrandon/nus/hack_n_roll/ros_ws/devel/share/roseus/ros/niryo_one_msgs/msg/ToolResult.l
Symlinking /home/nwjbrandon/nus/hack_n_roll/ros_ws/devel/share/roseus/ros/niryo_one_msgs/msg/Position.l
Symlinking /home/nwjbrandon/nus/hack_n_roll/ros_ws/devel/share/roseus/ros/niryo_one_msgs/msg/SequenceActionGoal.l
Symlinking /home/nwjbrandon/nus/hack_n_roll/ros_ws/devel/share/roseus/ros/niryo_one_msgs/msg/JoystickJointsActionFeedback.l
Symlinking /home/nwjbrandon/nus/hack_n_roll/ros_ws/devel/share/roseus/ros/niryo_one_msgs/msg/ToolActionGoal.l
Symlinking /home/nwjbrandon/nus/hack_n_roll/ros_ws/devel/share/roseus/ros/niryo_one_msgs/msg/RobotMoveActionGoal.l
Symlinking /home/nwjbrandon/nus/hack_n_roll/ros_ws/devel/share/roseus/ros/niryo_one_msgs/msg/JoystickJointsActionGoal.l
Symlinking /home/nwjbrandon/nus/hack_n_roll/ros_ws/devel/share/roseus/ros/niryo_one_msgs/msg/SequenceResult.l
Symlinking /home/nwjbrandon/nus/hack_n_roll/ros_ws/devel/share/roseus/ros/niryo_one_msgs/msg/ProcessState.l
Symlinking /home/nwjbrandon/nus/hack_n_roll/ros_ws/devel/share/niryo_one_msgs/msg/JoystickJointsGoal.msg
Symlinking /home/nwjbrandon/nus/hack_n_roll/ros_ws/devel/share/niryo_one_msgs/msg/SequenceFeedback.msg
Symlinking /home/nwjbrandon/nus/hack_n_roll/ros_ws/devel/share/niryo_one_msgs/msg/ToolFeedback.msg
Symlinking /home/nwjbrandon/nus/hack_n_roll/ros_ws/devel/share/niryo_one_msgs/msg/ToolActionFeedback.msg
Symlinking /home/nwjbrandon/nus/hack_n_roll/ros_ws/devel/share/niryo_one_msgs/msg/RobotMoveGoal.msg
Symlinking /home/nwjbrandon/nus/hack_n_roll/ros_ws/devel/share/niryo_one_msgs/msg/ToolGoal.msg
Symlinking /home/nwjbrandon/nus/hack_n_roll/ros_ws/devel/share/niryo_one_msgs/msg/JoystickJointsResult.msg
Symlinking /home/nwjbrandon/nus/hack_n_roll/ros_ws/devel/share/niryo_one_msgs/msg/SequenceResult.msg
Symlinking /home/nwjbrandon/nus/hack_n_roll/ros_ws/devel/share/niryo_one_msgs/msg/RobotMoveActionResult.msg
Symlinking /home/nwjbrandon/nus/hack_n_roll/ros_ws/devel/share/niryo_one_msgs/msg/SequenceActionFeedback.msg
Symlinking /home/nwjbrandon/nus/hack_n_roll/ros_ws/devel/share/niryo_one_msgs/msg/JoystickJointsFeedback.msg
Symlinking /home/nwjbrandon/nus/hack_n_roll/ros_ws/devel/share/niryo_one_msgs/msg/RobotMoveResult.msg
Symlinking /home/nwjbrandon/nus/hack_n_roll/ros_ws/devel/share/niryo_one_msgs/msg/JoystickJointsActionGoal.msg
Symlinking /home/nwjbrandon/nus/hack_n_roll/ros_ws/devel/share/niryo_one_msgs/msg/SequenceAction.msg
Symlinking /home/nwjbrandon/nus/hack_n_roll/ros_ws/devel/share/niryo_one_msgs/msg/ToolResult.msg
Symlinking /home/nwjbrandon/nus/hack_n_roll/ros_ws/devel/share/niryo_one_msgs/msg/SequenceActionGoal.msg
Symlinking /home/nwjbrandon/nus/hack_n_roll/ros_ws/devel/share/niryo_one_msgs/msg/RobotMoveAction.msg
Symlinking /home/nwjbrandon/nus/hack_n_roll/ros_ws/devel/share/niryo_one_msgs/msg/ToolActionResult.msg
Symlinking /home/nwjbrandon/nus/hack_n_roll/ros_ws/devel/share/niryo_one_msgs/msg/ToolAction.msg
Symlinking /home/nwjbrandon/nus/hack_n_roll/ros_ws/devel/share/niryo_one_msgs/msg/RobotMoveActionFeedback.msg
Symlinking /home/nwjbrandon/nus/hack_n_roll/ros_ws/devel/share/niryo_one_msgs/msg/SequenceActionResult.msg
Symlinking /home/nwjbrandon/nus/hack_n_roll/ros_ws/devel/share/niryo_one_msgs/msg/JoystickJointsActionResult.msg
Symlinking /home/nwjbrandon/nus/hack_n_roll/ros_ws/devel/share/niryo_one_msgs/msg/JoystickJointsActionFeedback.msg
Symlinking /home/nwjbrandon/nus/hack_n_roll/ros_ws/devel/share/niryo_one_msgs/msg/RobotMoveActionGoal.msg
Symlinking /home/nwjbrandon/nus/hack_n_roll/ros_ws/devel/share/niryo_one_msgs/msg/JoystickJointsAction.msg
Symlinking /home/nwjbrandon/nus/hack_n_roll/ros_ws/devel/share/niryo_one_msgs/msg/SequenceGoal.msg
Symlinking /home/nwjbrandon/nus/hack_n_roll/ros_ws/devel/share/niryo_one_msgs/msg/RobotMoveFeedback.msg
Symlinking /home/nwjbrandon/nus/hack_n_roll/ros_ws/devel/share/niryo_one_msgs/msg/ToolActionGoal.msg
Symlinking /home/nwjbrandon/nus/hack_n_roll/ros_ws/devel/share/niryo_one_msgs/cmake/niryo_one_msgsConfig-version.cmake
Symlinking /home/nwjbrandon/nus/hack_n_roll/ros_ws/devel/share/niryo_one_msgs/cmake/niryo_one_msgs-msg-paths.cmake
Symlinking /home/nwjbrandon/nus/hack_n_roll/ros_ws/devel/share/niryo_one_msgs/cmake/niryo_one_msgs-msg-extras.cmake
Symlinking /home/nwjbrandon/nus/hack_n_roll/ros_ws/devel/share/niryo_one_msgs/cmake/niryo_one_msgsConfig.cmake
Symlinking /home/nwjbrandon/nus/hack_n_roll/ros_ws/devel/share/common-lisp/ros/niryo_one_msgs/srv/_package_GetInt.lisp
Symlinking /home/nwjbrandon/nus/hack_n_roll/ros_ws/devel/share/common-lisp/ros/niryo_one_msgs/srv/GetInt.lisp
Symlinking /home/nwjbrandon/nus/hack_n_roll/ros_ws/devel/share/common-lisp/ros/niryo_one_msgs/srv/_package_UpdateConveyorId.lisp
Symlinking /home/nwjbrandon/nus/hack_n_roll/ros_ws/devel/share/common-lisp/ros/niryo_one_msgs/srv/GetSequenceList.lisp
Symlinking /home/nwjbrandon/nus/hack_n_roll/ros_ws/devel/share/common-lisp/ros/niryo_one_msgs/srv/_package_PullAirVacuumPump.lisp
Symlinking /home/nwjbrandon/nus/hack_n_roll/ros_ws/devel/share/common-lisp/ros/niryo_one_msgs/srv/OpenGripper.lisp
Symlinking /home/nwjbrandon/nus/hack_n_roll/ros_ws/devel/share/common-lisp/ros/niryo_one_msgs/srv/SendCustomDxlValue.lisp
Symlinking /home/nwjbrandon/nus/hack_n_roll/ros_ws/devel/share/common-lisp/ros/niryo_one_msgs/srv/_package_OpenGripper.lisp
Symlinking /home/nwjbrandon/nus/hack_n_roll/ros_ws/devel/share/common-lisp/ros/niryo_one_msgs/srv/_package_ChangeMotorConfig.lisp
Symlinking /home/nwjbrandon/nus/hack_n_roll/ros_ws/devel/share/common-lisp/ros/niryo_one_msgs/srv/DebugColorDetection.lisp
Symlinking /home/nwjbrandon/nus/hack_n_roll/ros_ws/devel/share/common-lisp/ros/niryo_one_msgs/srv/niryo_one_msgs-srv.asd
Symlinking /home/nwjbrandon/nus/hack_n_roll/ros_ws/devel/share/common-lisp/ros/niryo_one_msgs/srv/CloseGripper.lisp
Symlinking /home/nwjbrandon/nus/hack_n_roll/ros_ws/devel/share/common-lisp/ros/niryo_one_msgs/srv/GetDigitalIO.lisp
Symlinking /home/nwjbrandon/nus/hack_n_roll/ros_ws/devel/share/common-lisp/ros/niryo_one_msgs/srv/_package_PushAirVacuumPump.lisp
Symlinking /home/nwjbrandon/nus/hack_n_roll/ros_ws/devel/share/common-lisp/ros/niryo_one_msgs/srv/_package_SendCustomDxlValue.lisp
Symlinking /home/nwjbrandon/nus/hack_n_roll/ros_ws/devel/share/common-lisp/ros/niryo_one_msgs/srv/_package_ManageProcess.lisp
Symlinking /home/nwjbrandon/nus/hack_n_roll/ros_ws/devel/share/common-lisp/ros/niryo_one_msgs/srv/ManageTrajectory.lisp
Symlinking /home/nwjbrandon/nus/hack_n_roll/ros_ws/devel/share/common-lisp/ros/niryo_one_msgs/srv/_package_EditGrip.lisp
Symlinking /home/nwjbrandon/nus/hack_n_roll/ros_ws/devel/share/common-lisp/ros/niryo_one_msgs/srv/_package_SetString.lisp
Symlinking /home/nwjbrandon/nus/hack_n_roll/ros_ws/devel/share/common-lisp/ros/niryo_one_msgs/srv/ManageSequence.lisp
Symlinking /home/nwjbrandon/nus/hack_n_roll/ros_ws/devel/share/common-lisp/ros/niryo_one_msgs/srv/ControlConveyor.lisp
Symlinking /home/nwjbrandon/nus/hack_n_roll/ros_ws/devel/share/common-lisp/ros/niryo_one_msgs/srv/_package_GetWorkspaceRobotPoses.lisp
Symlinking /home/nwjbrandon/nus/hack_n_roll/ros_ws/devel/share/common-lisp/ros/niryo_one_msgs/srv/ObjDetection.lisp
Symlinking /home/nwjbrandon/nus/hack_n_roll/ros_ws/devel/share/common-lisp/ros/niryo_one_msgs/srv/UpdateConveyorId.lisp
Symlinking /home/nwjbrandon/nus/hack_n_roll/ros_ws/devel/share/common-lisp/ros/niryo_one_msgs/srv/SetSequenceAutorun.lisp
Symlinking /home/nwjbrandon/nus/hack_n_roll/ros_ws/devel/share/common-lisp/ros/niryo_one_msgs/srv/_package_SetDigitalIO.lisp
Symlinking /home/nwjbrandon/nus/hack_n_roll/ros_ws/devel/share/common-lisp/ros/niryo_one_msgs/srv/_package_DebugMarkers.lisp
Symlinking /home/nwjbrandon/nus/hack_n_roll/ros_ws/devel/share/common-lisp/ros/niryo_one_msgs/srv/SetInt.lisp
Symlinking /home/nwjbrandon/nus/hack_n_roll/ros_ws/devel/share/common-lisp/ros/niryo_one_msgs/srv/ManagePosition.lisp
Symlinking /home/nwjbrandon/nus/hack_n_roll/ros_ws/devel/share/common-lisp/ros/niryo_one_msgs/srv/EditWorkspace.lisp
Symlinking /home/nwjbrandon/nus/hack_n_roll/ros_ws/devel/share/common-lisp/ros/niryo_one_msgs/srv/EditGrip.lisp
Symlinking /home/nwjbrandon/nus/hack_n_roll/ros_ws/devel/share/common-lisp/ros/niryo_one_msgs/srv/DebugMarkers.lisp
Symlinking /home/nwjbrandon/nus/hack_n_roll/ros_ws/devel/share/common-lisp/ros/niryo_one_msgs/srv/_package_RobotMove.lisp
Symlinking /home/nwjbrandon/nus/hack_n_roll/ros_ws/devel/share/common-lisp/ros/niryo_one_msgs/srv/_package_ControlConveyor.lisp
Symlinking /home/nwjbrandon/nus/hack_n_roll/ros_ws/devel/share/common-lisp/ros/niryo_one_msgs/srv/_package_ManageTrajectory.lisp
Symlinking /home/nwjbrandon/nus/hack_n_roll/ros_ws/devel/share/common-lisp/ros/niryo_one_msgs/srv/_package_CloseGripper.lisp
Symlinking /home/nwjbrandon/nus/hack_n_roll/ros_ws/devel/share/common-lisp/ros/niryo_one_msgs/srv/PushAirVacuumPump.lisp
Symlinking /home/nwjbrandon/nus/hack_n_roll/ros_ws/devel/share/common-lisp/ros/niryo_one_msgs/srv/_package_DebugColorDetection.lisp
Symlinking /home/nwjbrandon/nus/hack_n_roll/ros_ws/devel/share/common-lisp/ros/niryo_one_msgs/srv/_package_GetPositionList.lisp
Symlinking /home/nwjbrandon/nus/hack_n_roll/ros_ws/devel/share/common-lisp/ros/niryo_one_msgs/srv/_package_GetDigitalIO.lisp
Symlinking /home/nwjbrandon/nus/hack_n_roll/ros_ws/devel/share/common-lisp/ros/niryo_one_msgs/srv/_package_GetTrajectoryList.lisp
Symlinking /home/nwjbrandon/nus/hack_n_roll/ros_ws/devel/share/common-lisp/ros/niryo_one_msgs/srv/_package_SetLeds.lisp
Symlinking /home/nwjbrandon/nus/hack_n_roll/ros_ws/devel/share/common-lisp/ros/niryo_one_msgs/srv/_package_PingDxlTool.lisp
Symlinking /home/nwjbrandon/nus/hack_n_roll/ros_ws/devel/share/common-lisp/ros/niryo_one_msgs/srv/_package_EditWorkspace.lisp
Symlinking /home/nwjbrandon/nus/hack_n_roll/ros_ws/devel/share/common-lisp/ros/niryo_one_msgs/srv/_package_ObjDetection.lisp
Symlinking /home/nwjbrandon/nus/hack_n_roll/ros_ws/devel/share/common-lisp/ros/niryo_one_msgs/srv/_package_TakePicture.lisp
Symlinking /home/nwjbrandon/nus/hack_n_roll/ros_ws/devel/share/common-lisp/ros/niryo_one_msgs/srv/_package_SetInt.lisp
Symlinking /home/nwjbrandon/nus/hack_n_roll/ros_ws/devel/share/common-lisp/ros/niryo_one_msgs/srv/GetPositionList.lisp
Symlinking /home/nwjbrandon/nus/hack_n_roll/ros_ws/devel/share/common-lisp/ros/niryo_one_msgs/srv/RobotMove.lisp
Symlinking /home/nwjbrandon/nus/hack_n_roll/ros_ws/devel/share/common-lisp/ros/niryo_one_msgs/srv/_package_ManageSequence.lisp
Symlinking /home/nwjbrandon/nus/hack_n_roll/ros_ws/devel/share/common-lisp/ros/niryo_one_msgs/srv/_package_SetConveyor.lisp
Symlinking /home/nwjbrandon/nus/hack_n_roll/ros_ws/devel/share/common-lisp/ros/niryo_one_msgs/srv/SetCalibrationCam.lisp
Symlinking /home/nwjbrandon/nus/hack_n_roll/ros_ws/devel/share/common-lisp/ros/niryo_one_msgs/srv/ManageProcess.lisp
Symlinking /home/nwjbrandon/nus/hack_n_roll/ros_ws/devel/share/common-lisp/ros/niryo_one_msgs/srv/GetTargetPose.lisp
Symlinking /home/nwjbrandon/nus/hack_n_roll/ros_ws/devel/share/common-lisp/ros/niryo_one_msgs/srv/ChangeHardwareVersion.lisp
Symlinking /home/nwjbrandon/nus/hack_n_roll/ros_ws/devel/share/common-lisp/ros/niryo_one_msgs/srv/SetDigitalIO.lisp
Symlinking /home/nwjbrandon/nus/hack_n_roll/ros_ws/devel/share/common-lisp/ros/niryo_one_msgs/srv/_package_ChangeHardwareVersion.lisp
Symlinking /home/nwjbrandon/nus/hack_n_roll/ros_ws/devel/share/common-lisp/ros/niryo_one_msgs/srv/SetConveyor.lisp
Symlinking /home/nwjbrandon/nus/hack_n_roll/ros_ws/devel/share/common-lisp/ros/niryo_one_msgs/srv/_package_SetCalibrationCam.lisp
Symlinking /home/nwjbrandon/nus/hack_n_roll/ros_ws/devel/share/common-lisp/ros/niryo_one_msgs/srv/_package_ManagePosition.lisp
Symlinking /home/nwjbrandon/nus/hack_n_roll/ros_ws/devel/share/common-lisp/ros/niryo_one_msgs/srv/_package_GetTargetPose.lisp
Symlinking /home/nwjbrandon/nus/hack_n_roll/ros_ws/devel/share/common-lisp/ros/niryo_one_msgs/srv/_package.lisp
Symlinking /home/nwjbrandon/nus/hack_n_roll/ros_ws/devel/share/common-lisp/ros/niryo_one_msgs/srv/ChangeMotorConfig.lisp
Symlinking /home/nwjbrandon/nus/hack_n_roll/ros_ws/devel/share/common-lisp/ros/niryo_one_msgs/srv/SetLeds.lisp
Symlinking /home/nwjbrandon/nus/hack_n_roll/ros_ws/devel/share/common-lisp/ros/niryo_one_msgs/srv/_package_GetWorkspaceRatio.lisp
Symlinking /home/nwjbrandon/nus/hack_n_roll/ros_ws/devel/share/common-lisp/ros/niryo_one_msgs/srv/GetWorkspaceRatio.lisp
Symlinking /home/nwjbrandon/nus/hack_n_roll/ros_ws/devel/share/common-lisp/ros/niryo_one_msgs/srv/_package_GetSequenceList.lisp
Symlinking /home/nwjbrandon/nus/hack_n_roll/ros_ws/devel/share/common-lisp/ros/niryo_one_msgs/srv/TakePicture.lisp
Symlinking /home/nwjbrandon/nus/hack_n_roll/ros_ws/devel/share/common-lisp/ros/niryo_one_msgs/srv/GetTrajectoryList.lisp
Symlinking /home/nwjbrandon/nus/hack_n_roll/ros_ws/devel/share/common-lisp/ros/niryo_one_msgs/srv/_package_SetSequenceAutorun.lisp
Symlinking /home/nwjbrandon/nus/hack_n_roll/ros_ws/devel/share/common-lisp/ros/niryo_one_msgs/srv/SetString.lisp
Symlinking /home/nwjbrandon/nus/hack_n_roll/ros_ws/devel/share/common-lisp/ros/niryo_one_msgs/srv/_package_GetWorkspaceList.lisp
Symlinking /home/nwjbrandon/nus/hack_n_roll/ros_ws/devel/share/common-lisp/ros/niryo_one_msgs/srv/GetWorkspaceList.lisp
Symlinking /home/nwjbrandon/nus/hack_n_roll/ros_ws/devel/share/common-lisp/ros/niryo_one_msgs/srv/_package_GetCalibrationCam.lisp
Symlinking /home/nwjbrandon/nus/hack_n_roll/ros_ws/devel/share/common-lisp/ros/niryo_one_msgs/srv/GetCalibrationCam.lisp
Symlinking /home/nwjbrandon/nus/hack_n_roll/ros_ws/devel/share/common-lisp/ros/niryo_one_msgs/srv/PingDxlTool.lisp
Symlinking /home/nwjbrandon/nus/hack_n_roll/ros_ws/devel/share/common-lisp/ros/niryo_one_msgs/srv/PullAirVacuumPump.lisp
Symlinking /home/nwjbrandon/nus/hack_n_roll/ros_ws/devel/share/common-lisp/ros/niryo_one_msgs/srv/GetWorkspaceRobotPoses.lisp
Symlinking /home/nwjbrandon/nus/hack_n_roll/ros_ws/devel/share/common-lisp/ros/niryo_one_msgs/msg/RobotState.lisp
Symlinking /home/nwjbrandon/nus/hack_n_roll/ros_ws/devel/share/common-lisp/ros/niryo_one_msgs/msg/ConveyorFeedback.lisp
Symlinking /home/nwjbrandon/nus/hack_n_roll/ros_ws/devel/share/common-lisp/ros/niryo_one_msgs/msg/_package_ProcessState.lisp
Symlinking /home/nwjbrandon/nus/hack_n_roll/ros_ws/devel/share/common-lisp/ros/niryo_one_msgs/msg/_package_ShiftPose.lisp
Symlinking /home/nwjbrandon/nus/hack_n_roll/ros_ws/devel/share/common-lisp/ros/niryo_one_msgs/msg/ToolActionFeedback.lisp
Symlinking /home/nwjbrandon/nus/hack_n_roll/ros_ws/devel/share/common-lisp/ros/niryo_one_msgs/msg/ObjectPose.lisp
Symlinking /home/nwjbrandon/nus/hack_n_roll/ros_ws/devel/share/common-lisp/ros/niryo_one_msgs/msg/RobotMoveFeedback.lisp
Symlinking /home/nwjbrandon/nus/hack_n_roll/ros_ws/devel/share/common-lisp/ros/niryo_one_msgs/msg/SequenceResult.lisp
Symlinking /home/nwjbrandon/nus/hack_n_roll/ros_ws/devel/share/common-lisp/ros/niryo_one_msgs/msg/_package_Trajectory.lisp
Symlinking /home/nwjbrandon/nus/hack_n_roll/ros_ws/devel/share/common-lisp/ros/niryo_one_msgs/msg/_package_SequenceResult.lisp
Symlinking /home/nwjbrandon/nus/hack_n_roll/ros_ws/devel/share/common-lisp/ros/niryo_one_msgs/msg/_package_SequenceFeedback.lisp
Symlinking /home/nwjbrandon/nus/hack_n_roll/ros_ws/devel/share/common-lisp/ros/niryo_one_msgs/msg/JoystickJointsAction.lisp
Symlinking /home/nwjbrandon/nus/hack_n_roll/ros_ws/devel/share/common-lisp/ros/niryo_one_msgs/msg/_package_ToolActionResult.lisp
Symlinking /home/nwjbrandon/nus/hack_n_roll/ros_ws/devel/share/common-lisp/ros/niryo_one_msgs/msg/SequenceActionFeedback.lisp
Symlinking /home/nwjbrandon/nus/hack_n_roll/ros_ws/devel/share/common-lisp/ros/niryo_one_msgs/msg/DigitalIOState.lisp
Symlinking /home/nwjbrandon/nus/hack_n_roll/ros_ws/devel/share/common-lisp/ros/niryo_one_msgs/msg/_package_MatlabMoveResult.lisp
Symlinking /home/nwjbrandon/nus/hack_n_roll/ros_ws/devel/share/common-lisp/ros/niryo_one_msgs/msg/_package_SequenceActionGoal.lisp
Symlinking /home/nwjbrandon/nus/hack_n_roll/ros_ws/devel/share/common-lisp/ros/niryo_one_msgs/msg/_package_JoystickJointsResult.lisp
Symlinking /home/nwjbrandon/nus/hack_n_roll/ros_ws/devel/share/common-lisp/ros/niryo_one_msgs/msg/RPY.lisp
Symlinking /home/nwjbrandon/nus/hack_n_roll/ros_ws/devel/share/common-lisp/ros/niryo_one_msgs/msg/Position.lisp
Symlinking /home/nwjbrandon/nus/hack_n_roll/ros_ws/devel/share/common-lisp/ros/niryo_one_msgs/msg/SequenceAutorunStatus.lisp
Symlinking /home/nwjbrandon/nus/hack_n_roll/ros_ws/devel/share/common-lisp/ros/niryo_one_msgs/msg/RobotMoveActionFeedback.lisp
Symlinking /home/nwjbrandon/nus/hack_n_roll/ros_ws/devel/share/common-lisp/ros/niryo_one_msgs/msg/_package_SequenceActionFeedback.lisp
Symlinking /home/nwjbrandon/nus/hack_n_roll/ros_ws/devel/share/common-lisp/ros/niryo_one_msgs/msg/MatlabMoveResult.lisp
Symlinking /home/nwjbrandon/nus/hack_n_roll/ros_ws/devel/share/common-lisp/ros/niryo_one_msgs/msg/SequenceActionGoal.lisp
Symlinking /home/nwjbrandon/nus/hack_n_roll/ros_ws/devel/share/common-lisp/ros/niryo_one_msgs/msg/_package_RPY.lisp
Symlinking /home/nwjbrandon/nus/hack_n_roll/ros_ws/devel/share/common-lisp/ros/niryo_one_msgs/msg/TrajectoryPlan.lisp
Symlinking /home/nwjbrandon/nus/hack_n_roll/ros_ws/devel/share/common-lisp/ros/niryo_one_msgs/msg/ToolActionResult.lisp
Symlinking /home/nwjbrandon/nus/hack_n_roll/ros_ws/devel/share/common-lisp/ros/niryo_one_msgs/msg/_package_DigitalIOState.lisp
Symlinking /home/nwjbrandon/nus/hack_n_roll/ros_ws/devel/share/common-lisp/ros/niryo_one_msgs/msg/_package_RobotMoveFeedback.lisp
Symlinking /home/nwjbrandon/nus/hack_n_roll/ros_ws/devel/share/common-lisp/ros/niryo_one_msgs/msg/_package_RobotMoveActionFeedback.lisp
Symlinking /home/nwjbrandon/nus/hack_n_roll/ros_ws/devel/share/common-lisp/ros/niryo_one_msgs/msg/LogStatus.lisp
Symlinking /home/nwjbrandon/nus/hack_n_roll/ros_ws/devel/share/common-lisp/ros/niryo_one_msgs/msg/SoftwareVersion.lisp
Symlinking /home/nwjbrandon/nus/hack_n_roll/ros_ws/devel/share/common-lisp/ros/niryo_one_msgs/msg/Sequence.lisp
Symlinking /home/nwjbrandon/nus/hack_n_roll/ros_ws/devel/share/common-lisp/ros/niryo_one_msgs/msg/_package_RobotMoveAction.lisp
Symlinking /home/nwjbrandon/nus/hack_n_roll/ros_ws/devel/share/common-lisp/ros/niryo_one_msgs/msg/_package_RobotMoveActionGoal.lisp
Symlinking /home/nwjbrandon/nus/hack_n_roll/ros_ws/devel/share/common-lisp/ros/niryo_one_msgs/msg/JoystickJointsFeedback.lisp
Symlinking /home/nwjbrandon/nus/hack_n_roll/ros_ws/devel/share/common-lisp/ros/niryo_one_msgs/msg/JoystickJointsGoal.lisp
Symlinking /home/nwjbrandon/nus/hack_n_roll/ros_ws/devel/share/common-lisp/ros/niryo_one_msgs/msg/RobotMoveResult.lisp
Symlinking /home/nwjbrandon/nus/hack_n_roll/ros_ws/devel/share/common-lisp/ros/niryo_one_msgs/msg/_package_SequenceAction.lisp
Symlinking /home/nwjbrandon/nus/hack_n_roll/ros_ws/devel/share/common-lisp/ros/niryo_one_msgs/msg/ProcessState.lisp
Symlinking /home/nwjbrandon/nus/hack_n_roll/ros_ws/devel/share/common-lisp/ros/niryo_one_msgs/msg/JoystickJointsActionResult.lisp
Symlinking /home/nwjbrandon/nus/hack_n_roll/ros_ws/devel/share/common-lisp/ros/niryo_one_msgs/msg/SequenceAction.lisp
Symlinking /home/nwjbrandon/nus/hack_n_roll/ros_ws/devel/share/common-lisp/ros/niryo_one_msgs/msg/_package_RobotMoveActionResult.lisp
Symlinking /home/nwjbrandon/nus/hack_n_roll/ros_ws/devel/share/common-lisp/ros/niryo_one_msgs/msg/_package_SequenceGoal.lisp
Symlinking /home/nwjbrandon/nus/hack_n_roll/ros_ws/devel/share/common-lisp/ros/niryo_one_msgs/msg/ToolGoal.lisp
Symlinking /home/nwjbrandon/nus/hack_n_roll/ros_ws/devel/share/common-lisp/ros/niryo_one_msgs/msg/_package_LogStatus.lisp
Symlinking /home/nwjbrandon/nus/hack_n_roll/ros_ws/devel/share/common-lisp/ros/niryo_one_msgs/msg/SequenceGoal.lisp
Symlinking /home/nwjbrandon/nus/hack_n_roll/ros_ws/devel/share/common-lisp/ros/niryo_one_msgs/msg/_package_RobotState.lisp
Symlinking /home/nwjbrandon/nus/hack_n_roll/ros_ws/devel/share/common-lisp/ros/niryo_one_msgs/msg/_package_RobotMoveGoal.lisp
Symlinking /home/nwjbrandon/nus/hack_n_roll/ros_ws/devel/share/common-lisp/ros/niryo_one_msgs/msg/ToolResult.lisp
Symlinking /home/nwjbrandon/nus/hack_n_roll/ros_ws/devel/share/common-lisp/ros/niryo_one_msgs/msg/_package_ToolActionFeedback.lisp
Symlinking /home/nwjbrandon/nus/hack_n_roll/ros_ws/devel/share/common-lisp/ros/niryo_one_msgs/msg/_package_JoystickJointsFeedback.lisp
Symlinking /home/nwjbrandon/nus/hack_n_roll/ros_ws/devel/share/common-lisp/ros/niryo_one_msgs/msg/_package_ToolFeedback.lisp
Symlinking /home/nwjbrandon/nus/hack_n_roll/ros_ws/devel/share/common-lisp/ros/niryo_one_msgs/msg/_package_SoftwareVersion.lisp
Symlinking /home/nwjbrandon/nus/hack_n_roll/ros_ws/devel/share/common-lisp/ros/niryo_one_msgs/msg/_package_JoystickJointsActionGoal.lisp
Symlinking /home/nwjbrandon/nus/hack_n_roll/ros_ws/devel/share/common-lisp/ros/niryo_one_msgs/msg/_package_JoystickJointsGoal.lisp
Symlinking /home/nwjbrandon/nus/hack_n_roll/ros_ws/devel/share/common-lisp/ros/niryo_one_msgs/msg/_package_ToolResult.lisp
Symlinking /home/nwjbrandon/nus/hack_n_roll/ros_ws/devel/share/common-lisp/ros/niryo_one_msgs/msg/_package_SequenceAutorunStatus.lisp
Symlinking /home/nwjbrandon/nus/hack_n_roll/ros_ws/devel/share/common-lisp/ros/niryo_one_msgs/msg/_package_Sequence.lisp
Symlinking /home/nwjbrandon/nus/hack_n_roll/ros_ws/devel/share/common-lisp/ros/niryo_one_msgs/msg/_package_ToolAction.lisp
Symlinking /home/nwjbrandon/nus/hack_n_roll/ros_ws/devel/share/common-lisp/ros/niryo_one_msgs/msg/ToolCommand.lisp
Symlinking /home/nwjbrandon/nus/hack_n_roll/ros_ws/devel/share/common-lisp/ros/niryo_one_msgs/msg/_package_RobotMoveCommand.lisp
Symlinking /home/nwjbrandon/nus/hack_n_roll/ros_ws/devel/share/common-lisp/ros/niryo_one_msgs/msg/SequenceFeedback.lisp
Symlinking /home/nwjbrandon/nus/hack_n_roll/ros_ws/devel/share/common-lisp/ros/niryo_one_msgs/msg/ToolAction.lisp
Symlinking /home/nwjbrandon/nus/hack_n_roll/ros_ws/devel/share/common-lisp/ros/niryo_one_msgs/msg/JoystickJointsActionFeedback.lisp
Symlinking /home/nwjbrandon/nus/hack_n_roll/ros_ws/devel/share/common-lisp/ros/niryo_one_msgs/msg/_package_ToolCommand.lisp
Symlinking /home/nwjbrandon/nus/hack_n_roll/ros_ws/devel/share/common-lisp/ros/niryo_one_msgs/msg/RobotMoveCommand.lisp
Symlinking /home/nwjbrandon/nus/hack_n_roll/ros_ws/devel/share/common-lisp/ros/niryo_one_msgs/msg/_package_RobotMoveResult.lisp
Symlinking /home/nwjbrandon/nus/hack_n_roll/ros_ws/devel/share/common-lisp/ros/niryo_one_msgs/msg/_package_JoystickJointsActionResult.lisp
Symlinking /home/nwjbrandon/nus/hack_n_roll/ros_ws/devel/share/common-lisp/ros/niryo_one_msgs/msg/_package_JoystickJointsAction.lisp
Symlinking /home/nwjbrandon/nus/hack_n_roll/ros_ws/devel/share/common-lisp/ros/niryo_one_msgs/msg/RobotMoveActionResult.lisp
Symlinking /home/nwjbrandon/nus/hack_n_roll/ros_ws/devel/share/common-lisp/ros/niryo_one_msgs/msg/_package.lisp
Symlinking /home/nwjbrandon/nus/hack_n_roll/ros_ws/devel/share/common-lisp/ros/niryo_one_msgs/msg/HardwareStatus.lisp
Symlinking /home/nwjbrandon/nus/hack_n_roll/ros_ws/devel/share/common-lisp/ros/niryo_one_msgs/msg/_package_HardwareStatus.lisp
Symlinking /home/nwjbrandon/nus/hack_n_roll/ros_ws/devel/share/common-lisp/ros/niryo_one_msgs/msg/ToolFeedback.lisp
Symlinking /home/nwjbrandon/nus/hack_n_roll/ros_ws/devel/share/common-lisp/ros/niryo_one_msgs/msg/JoystickJointsActionGoal.lisp
Symlinking /home/nwjbrandon/nus/hack_n_roll/ros_ws/devel/share/common-lisp/ros/niryo_one_msgs/msg/_package_ObjectPose.lisp
Symlinking /home/nwjbrandon/nus/hack_n_roll/ros_ws/devel/share/common-lisp/ros/niryo_one_msgs/msg/ShiftPose.lisp
Symlinking /home/nwjbrandon/nus/hack_n_roll/ros_ws/devel/share/common-lisp/ros/niryo_one_msgs/msg/RobotMoveAction.lisp
Symlinking /home/nwjbrandon/nus/hack_n_roll/ros_ws/devel/share/common-lisp/ros/niryo_one_msgs/msg/RobotMoveActionGoal.lisp
Symlinking /home/nwjbrandon/nus/hack_n_roll/ros_ws/devel/share/common-lisp/ros/niryo_one_msgs/msg/ToolActionGoal.lisp
Symlinking /home/nwjbrandon/nus/hack_n_roll/ros_ws/devel/share/common-lisp/ros/niryo_one_msgs/msg/_package_JoystickJointsActionFeedback.lisp
Symlinking /home/nwjbrandon/nus/hack_n_roll/ros_ws/devel/share/common-lisp/ros/niryo_one_msgs/msg/SequenceActionResult.lisp
Symlinking /home/nwjbrandon/nus/hack_n_roll/ros_ws/devel/share/common-lisp/ros/niryo_one_msgs/msg/_package_ToolGoal.lisp
Symlinking /home/nwjbrandon/nus/hack_n_roll/ros_ws/devel/share/common-lisp/ros/niryo_one_msgs/msg/Trajectory.lisp
Symlinking /home/nwjbrandon/nus/hack_n_roll/ros_ws/devel/share/common-lisp/ros/niryo_one_msgs/msg/_package_Position.lisp
Symlinking /home/nwjbrandon/nus/hack_n_roll/ros_ws/devel/share/common-lisp/ros/niryo_one_msgs/msg/_package_ToolActionGoal.lisp
Symlinking /home/nwjbrandon/nus/hack_n_roll/ros_ws/devel/share/common-lisp/ros/niryo_one_msgs/msg/JoystickJointsResult.lisp
Symlinking /home/nwjbrandon/nus/hack_n_roll/ros_ws/devel/share/common-lisp/ros/niryo_one_msgs/msg/_package_SequenceActionResult.lisp
Symlinking /home/nwjbrandon/nus/hack_n_roll/ros_ws/devel/share/common-lisp/ros/niryo_one_msgs/msg/niryo_one_msgs-msg.asd
Symlinking /home/nwjbrandon/nus/hack_n_roll/ros_ws/devel/share/common-lisp/ros/niryo_one_msgs/msg/RobotMoveGoal.lisp
Symlinking /home/nwjbrandon/nus/hack_n_roll/ros_ws/devel/share/common-lisp/ros/niryo_one_msgs/msg/_package_ConveyorFeedback.lisp
Symlinking /home/nwjbrandon/nus/hack_n_roll/ros_ws/devel/share/common-lisp/ros/niryo_one_msgs/msg/_package_TrajectoryPlan.lisp
